<?xml version="1.0" encoding="UTF-8"?>
<!-- Generated by org.testng.reporters.JUnitXMLReporter -->
<testsuite ignored="1" hostname="LAPTOP-SBU5K527" failures="6" tests="23" name="Command line test" time="211.625" errors="0" timestamp="2022-04-04T15:33:57 IST">
  <testcase classname="com.zerodha.qa.testCases.DashBoardPageTest" name="validateAppsLinkTest" time="0.837"/>
  <testcase classname="com.zerodha.qa.testCases.DashBoardPageTest" name="validateFundsLinkTest" time="0.903"/>
  <testcase classname="com.zerodha.qa.testCases.DashBoardPageTest" name="validateHoldingsLinkTest" time="1.05"/>
  <testcase classname="com.zerodha.qa.testCases.DashBoardPageTest" name="validateOrderLinkTest" time="1.009"/>
  <testcase classname="com.zerodha.qa.testCases.DashBoardPageTest" name="validatePositionsLinkTest" time="1.09"/>
  <testcase classname="com.zerodha.qa.testCases.DashBoardPageTest" name="validateProfileLinkTest" time="1.311"/>
  <testcase classname="com.zerodha.qa.testCases.DashBoardPageTest" name="validateUserIdTest" time="1.029"/>
  <testcase classname="com.zerodha.qa.testCases.DashBoardPageTest" name="validateTitleTest" time="0.005">
    <failure type="java.lang.AssertionError" message="expected [Dashboard / Kite] but found [Kite - Zerodha&amp;apos;s fast and elegant flagship trading platform]">
      <![CDATA[java.lang.AssertionError: expected [Dashboard / Kite] but found [Kite - Zerodha's fast and elegant flagship trading platform]
at com.zerodha.qa.testCases.DashBoardPageTest.validateTitleTest(DashBoardPageTest.java:33)
at java.base/java.util.ArrayList.forEach(ArrayList.java:1541)
... Removed 43 stack frames]]>
    </failure>
  </testcase> <!-- validateTitleTest -->
  <testcase classname="com.zerodha.qa.testCases.DashBoardPageTest" name="validateUserNameTest" time="0.0">
    <failure type="org.testng.TestNGException" message="
Parameter &amp;apos;UserName&amp;apos; is required by @Test on method validateUserNameTest but has not been marked @Optional or defined
">
      <![CDATA[org.testng.TestNGException: 
Parameter 'UserName' is required by @Test on method validateUserNameTest but has not been marked @Optional or defined

at java.base/java.util.ArrayList.forEach(ArrayList.java:1541)
... Removed 36 stack frames]]>
    </failure>
  </testcase> <!-- validateUserNameTest -->
  <testcase classname="com.zerodha.qa.testCases.LoginPageTest" name="ValidateForgetPasswordLink" time="0.071"/>
  <testcase classname="com.zerodha.qa.testCases.LoginPageTest" name="ValidateLogin" time="10.551">
    <failure type="java.lang.AssertionError" message="expected [true] but found [false]">
      <![CDATA[java.lang.AssertionError: expected [true] but found [false]
at com.zerodha.qa.testCases.LoginPageTest.ValidateLogin(LoginPageTest.java:68)
at java.base/java.util.ArrayList.forEach(ArrayList.java:1541)
... Removed 41 stack frames]]>
    </failure>
  </testcase> <!-- ValidateLogin -->
  <testcase classname="com.zerodha.qa.testCases.LoginPageTest" name="ValidateLogin" time="10.272">
    <failure type="java.lang.AssertionError" message="expected [true] but found [false]">
      <![CDATA[java.lang.AssertionError: expected [true] but found [false]
at com.zerodha.qa.testCases.LoginPageTest.ValidateLogin(LoginPageTest.java:68)
at java.base/java.util.ArrayList.forEach(ArrayList.java:1541)
... Removed 41 stack frames]]>
    </failure>
  </testcase> <!-- ValidateLogin -->
  <testcase classname="com.zerodha.qa.testCases.LoginPageTest" name="ValidateLogin" time="0.72"/>
  <testcase classname="com.zerodha.qa.testCases.LoginPageTest" name="ValidateLogin" time="10.33">
    <failure type="java.lang.AssertionError" message="expected [true] but found [false]">
      <![CDATA[java.lang.AssertionError: expected [true] but found [false]
at com.zerodha.qa.testCases.LoginPageTest.ValidateLogin(LoginPageTest.java:68)
at java.base/java.util.ArrayList.forEach(ArrayList.java:1541)
... Removed 41 stack frames]]>
    </failure>
  </testcase> <!-- ValidateLogin -->
  <testcase classname="com.zerodha.qa.testCases.LoginPageTest" name="ValidateLogin" time="10.301">
    <failure type="java.lang.AssertionError" message="expected [true] but found [false]">
      <![CDATA[java.lang.AssertionError: expected [true] but found [false]
at com.zerodha.qa.testCases.LoginPageTest.ValidateLogin(LoginPageTest.java:68)
at java.base/java.util.ArrayList.forEach(ArrayList.java:1541)
... Removed 41 stack frames]]>
    </failure>
  </testcase> <!-- ValidateLogin -->
  <testcase classname="com.zerodha.qa.testCases.LoginPageTest" name="validateLogo" time="0.059"/>
  <testcase classname="com.zerodha.qa.testCases.LoginPageTest" name="validateTitle" time="0.006"/>
  <testcase classname="com.zerodha.qa.testCases.SearchStockPageTest" name="validateBuyButtonTest" time="8.329"/>
  <testcase classname="com.zerodha.qa.testCases.SearchStockPageTest" name="validateChartButton" time="8.253"/>
  <testcase classname="com.zerodha.qa.testCases.SearchStockPageTest" name="validateMarketDepthButton" time="8.361"/>
  <testcase classname="com.zerodha.qa.testCases.SearchStockPageTest" name="validateSearchBoxTest" time="0.71"/>
  <testcase classname="com.zerodha.qa.testCases.SearchStockPageTest" name="validateSellButtonTest" time="8.327"/>
  <testcase classname="com.zerodha.qa.testCases.SearchStockPageTest" name="validateStockList" time="0.047"/>
  <testcase classname="com.zerodha.qa.testCases.SearchStockPageTest" name="validateDeleteButton" time="0.0">
    <ignored/>
  </testcase> <!-- validateDeleteButton -->
</testsuite> <!-- Command line test -->
