<html>
<head>
<title>TestNG:  Command line test</title>
<link href="../testng.css" rel="stylesheet" type="text/css" />
<link href="../my-testng.css" rel="stylesheet" type="text/css" />

<style type="text/css">
.log { display: none;} 
.stack-trace { display: none;} 
</style>
<script type="text/javascript">
<!--
function flip(e) {
  current = e.style.display;
  if (current == 'block') {
    e.style.display = 'none';
    return 0;
  }
  else {
    e.style.display = 'block';
    return 1;
  }
}

function toggleBox(szDivId, elem, msg1, msg2)
{
  var res = -1;  if (document.getElementById) {
    res = flip(document.getElementById(szDivId));
  }
  else if (document.all) {
    // this is the way old msie versions work
    res = flip(document.all[szDivId]);
  }
  if(elem) {
    if(res == 0) elem.innerHTML = msg1; else elem.innerHTML = msg2;
  }

}

function toggleAllBoxes() {
  if (document.getElementsByTagName) {
    d = document.getElementsByTagName('div');
    for (i = 0; i < d.length; i++) {
      if (d[i].className == 'log') {
        flip(d[i]);
      }
    }
  }
}

// -->
</script>

</head>
<body>
<h2 align='center'>Command line test</h2><table border='1' align="center">
<tr>
<td>Tests passed/Failed/Skipped:</td><td>17/6/0</td>
</tr><tr>
<td>Started on:</td><td>Mon Apr 04 15:30:26 IST 2022</td>
</tr>
<tr><td>Total time:</td><td>211 seconds (211625 ms)</td>
</tr><tr>
<td>Included groups:</td><td></td>
</tr><tr>
<td>Excluded groups:</td><td></td>
</tr>
</table><p/>
<small><i>(Hover the method name to see the test class name)</i></small><p/>
<table width='100%' border='1' class='invocation-failed'>
<tr><td colspan='4' align='center'><b>FAILED TESTS</b></td></tr>
<tr><td><b>Test method</b></td>
<td width="30%"><b>Exception</b></td>
<td width="10%"><b>Time (seconds)</b></td>
<td><b>Instance</b></td>
</tr>
<tr>
<td title='com.zerodha.qa.testCases.DashBoardPageTest.validateUserNameTest()'><b>validateUserNameTest</b><br>Test class: com.zerodha.qa.testCases.DashBoardPageTest</td>
<td><div><pre>org.testng.TestNGException: 
Parameter &apos;UserName&apos; is required by @Test on method validateUserNameTest but has not been marked @Optional or defined

	at java.base/java.util.ArrayList.forEach(ArrayList.java:1541)
... Removed 36 stack frames</pre></div><a href='#' onClick='toggleBox("stack-trace1250558105", this, "Click to show all stack frames", "Click to hide stack frames")'>Click to show all stack frames</a>
<div class='stack-trace' id='stack-trace1250558105'><pre>org.testng.TestNGException: 
Parameter &apos;UserName&apos; is required by @Test on method validateUserNameTest but has not been marked @Optional or defined

	at org.testng.internal.Parameters.createParams(Parameters.java:267)
	at org.testng.internal.Parameters.createParametersForMethod(Parameters.java:355)
	at org.testng.internal.Parameters.createParameters(Parameters.java:660)
	at org.testng.internal.Parameters.handleParameters(Parameters.java:856)
	at org.testng.internal.Parameters.handleParameters(Parameters.java:704)
	at org.testng.internal.invokers.ParameterHandler.handleParameters(ParameterHandler.java:70)
	at org.testng.internal.invokers.ParameterHandler.createParameters(ParameterHandler.java:49)
	at org.testng.internal.invokers.TestInvoker$MethodInvocationAgent.invoke(TestInvoker.java:904)
	at org.testng.internal.invokers.TestInvoker.invokeTestMethods(TestInvoker.java:193)
	at org.testng.internal.invokers.TestMethodWorker.invokeTestMethods(TestMethodWorker.java:146)
	at org.testng.internal.invokers.TestMethodWorker.run(TestMethodWorker.java:128)
	at java.base/java.util.ArrayList.forEach(ArrayList.java:1541)
	at org.testng.TestRunner.privateRun(TestRunner.java:808)
	at org.testng.TestRunner.run(TestRunner.java:603)
	at org.testng.SuiteRunner.runTest(SuiteRunner.java:429)
	at org.testng.SuiteRunner.runSequentially(SuiteRunner.java:423)
	at org.testng.SuiteRunner.privateRun(SuiteRunner.java:383)
	at org.testng.SuiteRunner.run(SuiteRunner.java:326)
	at org.testng.SuiteRunnerWorker.runSuite(SuiteRunnerWorker.java:52)
	at org.testng.SuiteRunnerWorker.run(SuiteRunnerWorker.java:95)
	at org.testng.TestNG.runSuitesSequentially(TestNG.java:1249)
	at org.testng.TestNG.runSuitesLocally(TestNG.java:1169)
	at org.testng.TestNG.runSuites(TestNG.java:1092)
	at org.testng.TestNG.run(TestNG.java:1060)
	at org.apache.maven.surefire.testng.TestNGExecutor.run(TestNGExecutor.java:77)
	at org.apache.maven.surefire.testng.TestNGDirectoryTestSuite.executeMulti(TestNGDirectoryTestSuite.java:159)
	at org.apache.maven.surefire.testng.TestNGDirectoryTestSuite.execute(TestNGDirectoryTestSuite.java:99)
	at org.apache.maven.surefire.testng.TestNGProvider.invoke(TestNGProvider.java:106)
	at java.base/jdk.internal.reflect.NativeMethodAccessorImpl.invoke0(Native Method)
	at java.base/jdk.internal.reflect.NativeMethodAccessorImpl.invoke(NativeMethodAccessorImpl.java:62)
	at java.base/jdk.internal.reflect.DelegatingMethodAccessorImpl.invoke(DelegatingMethodAccessorImpl.java:43)
	at java.base/java.lang.reflect.Method.invoke(Method.java:566)
	at org.apache.maven.surefire.util.ReflectionUtils.invokeMethodWithArray(ReflectionUtils.java:189)
	at org.apache.maven.surefire.booter.ProviderFactory$ProviderProxy.invoke(ProviderFactory.java:165)
	at org.apache.maven.surefire.booter.ProviderFactory.invokeProvider(ProviderFactory.java:85)
	at org.apache.maven.surefire.booter.ForkedBooter.runSuitesInProcess(ForkedBooter.java:115)
	at org.apache.maven.surefire.booter.ForkedBooter.main(ForkedBooter.java:75)
</pre></div></td>
<td>0</td>
<td>com.zerodha.qa.testCases.DashBoardPageTest@1e800aaa</td></tr>
<tr>
<td title='com.zerodha.qa.testCases.LoginPageTest.ValidateLogin()'><b>ValidateLogin</b><br>Test class: com.zerodha.qa.testCases.LoginPageTest<br>Parameters: GR1237, abc126, 123459, fail</td>
<td><div><pre>java.lang.AssertionError: expected [true] but found [false]
	at com.zerodha.qa.testCases.LoginPageTest.ValidateLogin(LoginPageTest.java:68)
	at java.base/java.util.ArrayList.forEach(ArrayList.java:1541)
... Removed 41 stack frames</pre></div><a href='#' onClick='toggleBox("stack-trace1115073856", this, "Click to show all stack frames", "Click to hide stack frames")'>Click to show all stack frames</a>
<div class='stack-trace' id='stack-trace1115073856'><pre>java.lang.AssertionError: expected [true] but found [false]
	at org.testng.Assert.fail(Assert.java:110)
	at org.testng.Assert.failNotEquals(Assert.java:1413)
	at org.testng.Assert.assertTrue(Assert.java:56)
	at org.testng.Assert.assertTrue(Assert.java:66)
	at com.zerodha.qa.testCases.LoginPageTest.ValidateLogin(LoginPageTest.java:68)
	at java.base/jdk.internal.reflect.NativeMethodAccessorImpl.invoke0(Native Method)
	at java.base/jdk.internal.reflect.NativeMethodAccessorImpl.invoke(NativeMethodAccessorImpl.java:62)
	at java.base/jdk.internal.reflect.DelegatingMethodAccessorImpl.invoke(DelegatingMethodAccessorImpl.java:43)
	at java.base/java.lang.reflect.Method.invoke(Method.java:566)
	at org.testng.internal.invokers.MethodInvocationHelper.invokeMethod(MethodInvocationHelper.java:135)
	at org.testng.internal.invokers.TestInvoker.invokeMethod(TestInvoker.java:673)
	at org.testng.internal.invokers.TestInvoker.invokeTestMethod(TestInvoker.java:220)
	at org.testng.internal.invokers.MethodRunner.runInSequence(MethodRunner.java:50)
	at org.testng.internal.invokers.TestInvoker$MethodInvocationAgent.invoke(TestInvoker.java:945)
	at org.testng.internal.invokers.TestInvoker.invokeTestMethods(TestInvoker.java:193)
	at org.testng.internal.invokers.TestMethodWorker.invokeTestMethods(TestMethodWorker.java:146)
	at org.testng.internal.invokers.TestMethodWorker.run(TestMethodWorker.java:128)
	at java.base/java.util.ArrayList.forEach(ArrayList.java:1541)
	at org.testng.TestRunner.privateRun(TestRunner.java:808)
	at org.testng.TestRunner.run(TestRunner.java:603)
	at org.testng.SuiteRunner.runTest(SuiteRunner.java:429)
	at org.testng.SuiteRunner.runSequentially(SuiteRunner.java:423)
	at org.testng.SuiteRunner.privateRun(SuiteRunner.java:383)
	at org.testng.SuiteRunner.run(SuiteRunner.java:326)
	at org.testng.SuiteRunnerWorker.runSuite(SuiteRunnerWorker.java:52)
	at org.testng.SuiteRunnerWorker.run(SuiteRunnerWorker.java:95)
	at org.testng.TestNG.runSuitesSequentially(TestNG.java:1249)
	at org.testng.TestNG.runSuitesLocally(TestNG.java:1169)
	at org.testng.TestNG.runSuites(TestNG.java:1092)
	at org.testng.TestNG.run(TestNG.java:1060)
	at org.apache.maven.surefire.testng.TestNGExecutor.run(TestNGExecutor.java:77)
	at org.apache.maven.surefire.testng.TestNGDirectoryTestSuite.executeMulti(TestNGDirectoryTestSuite.java:159)
	at org.apache.maven.surefire.testng.TestNGDirectoryTestSuite.execute(TestNGDirectoryTestSuite.java:99)
	at org.apache.maven.surefire.testng.TestNGProvider.invoke(TestNGProvider.java:106)
	at java.base/jdk.internal.reflect.NativeMethodAccessorImpl.invoke0(Native Method)
	at java.base/jdk.internal.reflect.NativeMethodAccessorImpl.invoke(NativeMethodAccessorImpl.java:62)
	at java.base/jdk.internal.reflect.DelegatingMethodAccessorImpl.invoke(DelegatingMethodAccessorImpl.java:43)
	at java.base/java.lang.reflect.Method.invoke(Method.java:566)
	at org.apache.maven.surefire.util.ReflectionUtils.invokeMethodWithArray(ReflectionUtils.java:189)
	at org.apache.maven.surefire.booter.ProviderFactory$ProviderProxy.invoke(ProviderFactory.java:165)
	at org.apache.maven.surefire.booter.ProviderFactory.invokeProvider(ProviderFactory.java:85)
	at org.apache.maven.surefire.booter.ForkedBooter.runSuitesInProcess(ForkedBooter.java:115)
	at org.apache.maven.surefire.booter.ForkedBooter.main(ForkedBooter.java:75)
</pre></div></td>
<td>10</td>
<td>com.zerodha.qa.testCases.LoginPageTest@5e5d171f</td></tr>
<tr>
<td title='com.zerodha.qa.testCases.LoginPageTest.ValidateLogin()'><b>ValidateLogin</b><br>Test class: com.zerodha.qa.testCases.LoginPageTest<br>Parameters: GR1235, abc124, 123457, fail</td>
<td><div><pre>java.lang.AssertionError: expected [true] but found [false]
	at com.zerodha.qa.testCases.LoginPageTest.ValidateLogin(LoginPageTest.java:68)
	at java.base/java.util.ArrayList.forEach(ArrayList.java:1541)
... Removed 41 stack frames</pre></div><a href='#' onClick='toggleBox("stack-trace1645618353", this, "Click to show all stack frames", "Click to hide stack frames")'>Click to show all stack frames</a>
<div class='stack-trace' id='stack-trace1645618353'><pre>java.lang.AssertionError: expected [true] but found [false]
	at org.testng.Assert.fail(Assert.java:110)
	at org.testng.Assert.failNotEquals(Assert.java:1413)
	at org.testng.Assert.assertTrue(Assert.java:56)
	at org.testng.Assert.assertTrue(Assert.java:66)
	at com.zerodha.qa.testCases.LoginPageTest.ValidateLogin(LoginPageTest.java:68)
	at java.base/jdk.internal.reflect.NativeMethodAccessorImpl.invoke0(Native Method)
	at java.base/jdk.internal.reflect.NativeMethodAccessorImpl.invoke(NativeMethodAccessorImpl.java:62)
	at java.base/jdk.internal.reflect.DelegatingMethodAccessorImpl.invoke(DelegatingMethodAccessorImpl.java:43)
	at java.base/java.lang.reflect.Method.invoke(Method.java:566)
	at org.testng.internal.invokers.MethodInvocationHelper.invokeMethod(MethodInvocationHelper.java:135)
	at org.testng.internal.invokers.TestInvoker.invokeMethod(TestInvoker.java:673)
	at org.testng.internal.invokers.TestInvoker.invokeTestMethod(TestInvoker.java:220)
	at org.testng.internal.invokers.MethodRunner.runInSequence(MethodRunner.java:50)
	at org.testng.internal.invokers.TestInvoker$MethodInvocationAgent.invoke(TestInvoker.java:945)
	at org.testng.internal.invokers.TestInvoker.invokeTestMethods(TestInvoker.java:193)
	at org.testng.internal.invokers.TestMethodWorker.invokeTestMethods(TestMethodWorker.java:146)
	at org.testng.internal.invokers.TestMethodWorker.run(TestMethodWorker.java:128)
	at java.base/java.util.ArrayList.forEach(ArrayList.java:1541)
	at org.testng.TestRunner.privateRun(TestRunner.java:808)
	at org.testng.TestRunner.run(TestRunner.java:603)
	at org.testng.SuiteRunner.runTest(SuiteRunner.java:429)
	at org.testng.SuiteRunner.runSequentially(SuiteRunner.java:423)
	at org.testng.SuiteRunner.privateRun(SuiteRunner.java:383)
	at org.testng.SuiteRunner.run(SuiteRunner.java:326)
	at org.testng.SuiteRunnerWorker.runSuite(SuiteRunnerWorker.java:52)
	at org.testng.SuiteRunnerWorker.run(SuiteRunnerWorker.java:95)
	at org.testng.TestNG.runSuitesSequentially(TestNG.java:1249)
	at org.testng.TestNG.runSuitesLocally(TestNG.java:1169)
	at org.testng.TestNG.runSuites(TestNG.java:1092)
	at org.testng.TestNG.run(TestNG.java:1060)
	at org.apache.maven.surefire.testng.TestNGExecutor.run(TestNGExecutor.java:77)
	at org.apache.maven.surefire.testng.TestNGDirectoryTestSuite.executeMulti(TestNGDirectoryTestSuite.java:159)
	at org.apache.maven.surefire.testng.TestNGDirectoryTestSuite.execute(TestNGDirectoryTestSuite.java:99)
	at org.apache.maven.surefire.testng.TestNGProvider.invoke(TestNGProvider.java:106)
	at java.base/jdk.internal.reflect.NativeMethodAccessorImpl.invoke0(Native Method)
	at java.base/jdk.internal.reflect.NativeMethodAccessorImpl.invoke(NativeMethodAccessorImpl.java:62)
	at java.base/jdk.internal.reflect.DelegatingMethodAccessorImpl.invoke(DelegatingMethodAccessorImpl.java:43)
	at java.base/java.lang.reflect.Method.invoke(Method.java:566)
	at org.apache.maven.surefire.util.ReflectionUtils.invokeMethodWithArray(ReflectionUtils.java:189)
	at org.apache.maven.surefire.booter.ProviderFactory$ProviderProxy.invoke(ProviderFactory.java:165)
	at org.apache.maven.surefire.booter.ProviderFactory.invokeProvider(ProviderFactory.java:85)
	at org.apache.maven.surefire.booter.ForkedBooter.runSuitesInProcess(ForkedBooter.java:115)
	at org.apache.maven.surefire.booter.ForkedBooter.main(ForkedBooter.java:75)
</pre></div></td>
<td>10</td>
<td>com.zerodha.qa.testCases.LoginPageTest@5e5d171f</td></tr>
<tr>
<td title='com.zerodha.qa.testCases.DashBoardPageTest.validateTitleTest()'><b>validateTitleTest</b><br>Test class: com.zerodha.qa.testCases.DashBoardPageTest</td>
<td><div><pre>java.lang.AssertionError: expected [Dashboard / Kite] but found [Kite - Zerodha&apos;s fast and elegant flagship trading platform]
	at com.zerodha.qa.testCases.DashBoardPageTest.validateTitleTest(DashBoardPageTest.java:33)
	at java.base/java.util.ArrayList.forEach(ArrayList.java:1541)
... Removed 43 stack frames</pre></div><a href='#' onClick='toggleBox("stack-trace1572557043", this, "Click to show all stack frames", "Click to hide stack frames")'>Click to show all stack frames</a>
<div class='stack-trace' id='stack-trace1572557043'><pre>java.lang.AssertionError: expected [Dashboard / Kite] but found [Kite - Zerodha&apos;s fast and elegant flagship trading platform]
	at org.testng.Assert.fail(Assert.java:110)
	at org.testng.Assert.failNotEquals(Assert.java:1413)
	at org.testng.Assert.assertEqualsImpl(Assert.java:149)
	at org.testng.Assert.assertEquals(Assert.java:131)
	at org.testng.Assert.assertEquals(Assert.java:655)
	at org.testng.Assert.assertEquals(Assert.java:665)
	at com.zerodha.qa.testCases.DashBoardPageTest.validateTitleTest(DashBoardPageTest.java:33)
	at java.base/jdk.internal.reflect.NativeMethodAccessorImpl.invoke0(Native Method)
	at java.base/jdk.internal.reflect.NativeMethodAccessorImpl.invoke(NativeMethodAccessorImpl.java:62)
	at java.base/jdk.internal.reflect.DelegatingMethodAccessorImpl.invoke(DelegatingMethodAccessorImpl.java:43)
	at java.base/java.lang.reflect.Method.invoke(Method.java:566)
	at org.testng.internal.invokers.MethodInvocationHelper.invokeMethod(MethodInvocationHelper.java:135)
	at org.testng.internal.invokers.TestInvoker.invokeMethod(TestInvoker.java:673)
	at org.testng.internal.invokers.TestInvoker.invokeTestMethod(TestInvoker.java:220)
	at org.testng.internal.invokers.MethodRunner.runInSequence(MethodRunner.java:50)
	at org.testng.internal.invokers.TestInvoker$MethodInvocationAgent.invoke(TestInvoker.java:945)
	at org.testng.internal.invokers.TestInvoker.invokeTestMethods(TestInvoker.java:193)
	at org.testng.internal.invokers.TestMethodWorker.invokeTestMethods(TestMethodWorker.java:146)
	at org.testng.internal.invokers.TestMethodWorker.run(TestMethodWorker.java:128)
	at java.base/java.util.ArrayList.forEach(ArrayList.java:1541)
	at org.testng.TestRunner.privateRun(TestRunner.java:808)
	at org.testng.TestRunner.run(TestRunner.java:603)
	at org.testng.SuiteRunner.runTest(SuiteRunner.java:429)
	at org.testng.SuiteRunner.runSequentially(SuiteRunner.java:423)
	at org.testng.SuiteRunner.privateRun(SuiteRunner.java:383)
	at org.testng.SuiteRunner.run(SuiteRunner.java:326)
	at org.testng.SuiteRunnerWorker.runSuite(SuiteRunnerWorker.java:52)
	at org.testng.SuiteRunnerWorker.run(SuiteRunnerWorker.java:95)
	at org.testng.TestNG.runSuitesSequentially(TestNG.java:1249)
	at org.testng.TestNG.runSuitesLocally(TestNG.java:1169)
	at org.testng.TestNG.runSuites(TestNG.java:1092)
	at org.testng.TestNG.run(TestNG.java:1060)
	at org.apache.maven.surefire.testng.TestNGExecutor.run(TestNGExecutor.java:77)
	at org.apache.maven.surefire.testng.TestNGDirectoryTestSuite.executeMulti(TestNGDirectoryTestSuite.java:159)
	at org.apache.maven.surefire.testng.TestNGDirectoryTestSuite.execute(TestNGDirectoryTestSuite.java:99)
	at org.apache.maven.surefire.testng.TestNGProvider.invoke(TestNGProvider.java:106)
	at java.base/jdk.internal.reflect.NativeMethodAccessorImpl.invoke0(Native Method)
	at java.base/jdk.internal.reflect.NativeMethodAccessorImpl.invoke(NativeMethodAccessorImpl.java:62)
	at java.base/jdk.internal.reflect.DelegatingMethodAccessorImpl.invoke(DelegatingMethodAccessorImpl.java:43)
	at java.base/java.lang.reflect.Method.invoke(Method.java:566)
	at org.apache.maven.surefire.util.ReflectionUtils.invokeMethodWithArray(ReflectionUtils.java:189)
	at org.apache.maven.surefire.booter.ProviderFactory$ProviderProxy.invoke(ProviderFactory.java:165)
	at org.apache.maven.surefire.booter.ProviderFactory.invokeProvider(ProviderFactory.java:85)
	at org.apache.maven.surefire.booter.ForkedBooter.runSuitesInProcess(ForkedBooter.java:115)
	at org.apache.maven.surefire.booter.ForkedBooter.main(ForkedBooter.java:75)
</pre></div></td>
<td>0</td>
<td>com.zerodha.qa.testCases.DashBoardPageTest@1e800aaa</td></tr>
<tr>
<td title='com.zerodha.qa.testCases.LoginPageTest.ValidateLogin()'><b>ValidateLogin</b><br>Test class: com.zerodha.qa.testCases.LoginPageTest<br>Parameters: GR1234, abc123, 123456, fail</td>
<td><div><pre>java.lang.AssertionError: expected [true] but found [false]
	at com.zerodha.qa.testCases.LoginPageTest.ValidateLogin(LoginPageTest.java:68)
	at java.base/java.util.ArrayList.forEach(ArrayList.java:1541)
... Removed 41 stack frames</pre></div><a href='#' onClick='toggleBox("stack-trace1915040171", this, "Click to show all stack frames", "Click to hide stack frames")'>Click to show all stack frames</a>
<div class='stack-trace' id='stack-trace1915040171'><pre>java.lang.AssertionError: expected [true] but found [false]
	at org.testng.Assert.fail(Assert.java:110)
	at org.testng.Assert.failNotEquals(Assert.java:1413)
	at org.testng.Assert.assertTrue(Assert.java:56)
	at org.testng.Assert.assertTrue(Assert.java:66)
	at com.zerodha.qa.testCases.LoginPageTest.ValidateLogin(LoginPageTest.java:68)
	at java.base/jdk.internal.reflect.NativeMethodAccessorImpl.invoke0(Native Method)
	at java.base/jdk.internal.reflect.NativeMethodAccessorImpl.invoke(NativeMethodAccessorImpl.java:62)
	at java.base/jdk.internal.reflect.DelegatingMethodAccessorImpl.invoke(DelegatingMethodAccessorImpl.java:43)
	at java.base/java.lang.reflect.Method.invoke(Method.java:566)
	at org.testng.internal.invokers.MethodInvocationHelper.invokeMethod(MethodInvocationHelper.java:135)
	at org.testng.internal.invokers.TestInvoker.invokeMethod(TestInvoker.java:673)
	at org.testng.internal.invokers.TestInvoker.invokeTestMethod(TestInvoker.java:220)
	at org.testng.internal.invokers.MethodRunner.runInSequence(MethodRunner.java:50)
	at org.testng.internal.invokers.TestInvoker$MethodInvocationAgent.invoke(TestInvoker.java:945)
	at org.testng.internal.invokers.TestInvoker.invokeTestMethods(TestInvoker.java:193)
	at org.testng.internal.invokers.TestMethodWorker.invokeTestMethods(TestMethodWorker.java:146)
	at org.testng.internal.invokers.TestMethodWorker.run(TestMethodWorker.java:128)
	at java.base/java.util.ArrayList.forEach(ArrayList.java:1541)
	at org.testng.TestRunner.privateRun(TestRunner.java:808)
	at org.testng.TestRunner.run(TestRunner.java:603)
	at org.testng.SuiteRunner.runTest(SuiteRunner.java:429)
	at org.testng.SuiteRunner.runSequentially(SuiteRunner.java:423)
	at org.testng.SuiteRunner.privateRun(SuiteRunner.java:383)
	at org.testng.SuiteRunner.run(SuiteRunner.java:326)
	at org.testng.SuiteRunnerWorker.runSuite(SuiteRunnerWorker.java:52)
	at org.testng.SuiteRunnerWorker.run(SuiteRunnerWorker.java:95)
	at org.testng.TestNG.runSuitesSequentially(TestNG.java:1249)
	at org.testng.TestNG.runSuitesLocally(TestNG.java:1169)
	at org.testng.TestNG.runSuites(TestNG.java:1092)
	at org.testng.TestNG.run(TestNG.java:1060)
	at org.apache.maven.surefire.testng.TestNGExecutor.run(TestNGExecutor.java:77)
	at org.apache.maven.surefire.testng.TestNGDirectoryTestSuite.executeMulti(TestNGDirectoryTestSuite.java:159)
	at org.apache.maven.surefire.testng.TestNGDirectoryTestSuite.execute(TestNGDirectoryTestSuite.java:99)
	at org.apache.maven.surefire.testng.TestNGProvider.invoke(TestNGProvider.java:106)
	at java.base/jdk.internal.reflect.NativeMethodAccessorImpl.invoke0(Native Method)
	at java.base/jdk.internal.reflect.NativeMethodAccessorImpl.invoke(NativeMethodAccessorImpl.java:62)
	at java.base/jdk.internal.reflect.DelegatingMethodAccessorImpl.invoke(DelegatingMethodAccessorImpl.java:43)
	at java.base/java.lang.reflect.Method.invoke(Method.java:566)
	at org.apache.maven.surefire.util.ReflectionUtils.invokeMethodWithArray(ReflectionUtils.java:189)
	at org.apache.maven.surefire.booter.ProviderFactory$ProviderProxy.invoke(ProviderFactory.java:165)
	at org.apache.maven.surefire.booter.ProviderFactory.invokeProvider(ProviderFactory.java:85)
	at org.apache.maven.surefire.booter.ForkedBooter.runSuitesInProcess(ForkedBooter.java:115)
	at org.apache.maven.surefire.booter.ForkedBooter.main(ForkedBooter.java:75)
</pre></div></td>
<td>10</td>
<td>com.zerodha.qa.testCases.LoginPageTest@5e5d171f</td></tr>
<tr>
<td title='com.zerodha.qa.testCases.LoginPageTest.ValidateLogin()'><b>ValidateLogin</b><br>Test class: com.zerodha.qa.testCases.LoginPageTest<br>Parameters: GR1236, abc125, 123458, fail</td>
<td><div><pre>java.lang.AssertionError: expected [true] but found [false]
	at com.zerodha.qa.testCases.LoginPageTest.ValidateLogin(LoginPageTest.java:68)
	at java.base/java.util.ArrayList.forEach(ArrayList.java:1541)
... Removed 41 stack frames</pre></div><a href='#' onClick='toggleBox("stack-trace1487559828", this, "Click to show all stack frames", "Click to hide stack frames")'>Click to show all stack frames</a>
<div class='stack-trace' id='stack-trace1487559828'><pre>java.lang.AssertionError: expected [true] but found [false]
	at org.testng.Assert.fail(Assert.java:110)
	at org.testng.Assert.failNotEquals(Assert.java:1413)
	at org.testng.Assert.assertTrue(Assert.java:56)
	at org.testng.Assert.assertTrue(Assert.java:66)
	at com.zerodha.qa.testCases.LoginPageTest.ValidateLogin(LoginPageTest.java:68)
	at java.base/jdk.internal.reflect.NativeMethodAccessorImpl.invoke0(Native Method)
	at java.base/jdk.internal.reflect.NativeMethodAccessorImpl.invoke(NativeMethodAccessorImpl.java:62)
	at java.base/jdk.internal.reflect.DelegatingMethodAccessorImpl.invoke(DelegatingMethodAccessorImpl.java:43)
	at java.base/java.lang.reflect.Method.invoke(Method.java:566)
	at org.testng.internal.invokers.MethodInvocationHelper.invokeMethod(MethodInvocationHelper.java:135)
	at org.testng.internal.invokers.TestInvoker.invokeMethod(TestInvoker.java:673)
	at org.testng.internal.invokers.TestInvoker.invokeTestMethod(TestInvoker.java:220)
	at org.testng.internal.invokers.MethodRunner.runInSequence(MethodRunner.java:50)
	at org.testng.internal.invokers.TestInvoker$MethodInvocationAgent.invoke(TestInvoker.java:945)
	at org.testng.internal.invokers.TestInvoker.invokeTestMethods(TestInvoker.java:193)
	at org.testng.internal.invokers.TestMethodWorker.invokeTestMethods(TestMethodWorker.java:146)
	at org.testng.internal.invokers.TestMethodWorker.run(TestMethodWorker.java:128)
	at java.base/java.util.ArrayList.forEach(ArrayList.java:1541)
	at org.testng.TestRunner.privateRun(TestRunner.java:808)
	at org.testng.TestRunner.run(TestRunner.java:603)
	at org.testng.SuiteRunner.runTest(SuiteRunner.java:429)
	at org.testng.SuiteRunner.runSequentially(SuiteRunner.java:423)
	at org.testng.SuiteRunner.privateRun(SuiteRunner.java:383)
	at org.testng.SuiteRunner.run(SuiteRunner.java:326)
	at org.testng.SuiteRunnerWorker.runSuite(SuiteRunnerWorker.java:52)
	at org.testng.SuiteRunnerWorker.run(SuiteRunnerWorker.java:95)
	at org.testng.TestNG.runSuitesSequentially(TestNG.java:1249)
	at org.testng.TestNG.runSuitesLocally(TestNG.java:1169)
	at org.testng.TestNG.runSuites(TestNG.java:1092)
	at org.testng.TestNG.run(TestNG.java:1060)
	at org.apache.maven.surefire.testng.TestNGExecutor.run(TestNGExecutor.java:77)
	at org.apache.maven.surefire.testng.TestNGDirectoryTestSuite.executeMulti(TestNGDirectoryTestSuite.java:159)
	at org.apache.maven.surefire.testng.TestNGDirectoryTestSuite.execute(TestNGDirectoryTestSuite.java:99)
	at org.apache.maven.surefire.testng.TestNGProvider.invoke(TestNGProvider.java:106)
	at java.base/jdk.internal.reflect.NativeMethodAccessorImpl.invoke0(Native Method)
	at java.base/jdk.internal.reflect.NativeMethodAccessorImpl.invoke(NativeMethodAccessorImpl.java:62)
	at java.base/jdk.internal.reflect.DelegatingMethodAccessorImpl.invoke(DelegatingMethodAccessorImpl.java:43)
	at java.base/java.lang.reflect.Method.invoke(Method.java:566)
	at org.apache.maven.surefire.util.ReflectionUtils.invokeMethodWithArray(ReflectionUtils.java:189)
	at org.apache.maven.surefire.booter.ProviderFactory$ProviderProxy.invoke(ProviderFactory.java:165)
	at org.apache.maven.surefire.booter.ProviderFactory.invokeProvider(ProviderFactory.java:85)
	at org.apache.maven.surefire.booter.ForkedBooter.runSuitesInProcess(ForkedBooter.java:115)
	at org.apache.maven.surefire.booter.ForkedBooter.main(ForkedBooter.java:75)
</pre></div></td>
<td>10</td>
<td>com.zerodha.qa.testCases.LoginPageTest@5e5d171f</td></tr>
</table><p>
<table width='100%' border='1' class='invocation-passed'>
<tr><td colspan='4' align='center'><b>PASSED TESTS</b></td></tr>
<tr><td><b>Test method</b></td>
<td width="30%"><b>Exception</b></td>
<td width="10%"><b>Time (seconds)</b></td>
<td><b>Instance</b></td>
</tr>
<tr>
<td title='com.zerodha.qa.testCases.DashBoardPageTest.validateFundsLinkTest()'><b>validateFundsLinkTest</b><br>Test class: com.zerodha.qa.testCases.DashBoardPageTest</td>
<td></td>
<td>0</td>
<td>com.zerodha.qa.testCases.DashBoardPageTest@1e800aaa</td></tr>
<tr>
<td title='com.zerodha.qa.testCases.SearchStockPageTest.validateSellButtonTest()'><b>validateSellButtonTest</b><br>Test class: com.zerodha.qa.testCases.SearchStockPageTest<br/>
<a href="#Output-1359003971" onClick='toggleBox("Output-1359003971", this, "Show output", "Hide output");'>Show output</a>

<a href="#Output-1359003971" onClick="toggleAllBoxes();">Show all outputs</a>
<div class='log' id="Output-1359003971">
Validating Sell Button<br/>
</div>
</td>
<td></td>
<td>8</td>
<td>com.zerodha.qa.testCases.SearchStockPageTest@24313fcc</td></tr>
<tr>
<td title='com.zerodha.qa.testCases.LoginPageTest.ValidateForgetPasswordLink()'><b>ValidateForgetPasswordLink</b><br>Test class: com.zerodha.qa.testCases.LoginPageTest</td>
<td></td>
<td>0</td>
<td>com.zerodha.qa.testCases.LoginPageTest@5e5d171f</td></tr>
<tr>
<td title='com.zerodha.qa.testCases.DashBoardPageTest.validateOrderLinkTest()'><b>validateOrderLinkTest</b><br>Test class: com.zerodha.qa.testCases.DashBoardPageTest</td>
<td></td>
<td>1</td>
<td>com.zerodha.qa.testCases.DashBoardPageTest@1e800aaa</td></tr>
<tr>
<td title='com.zerodha.qa.testCases.SearchStockPageTest.validateChartButton()'><b>validateChartButton</b><br>Test class: com.zerodha.qa.testCases.SearchStockPageTest<br/>
<a href="#Output-87286516" onClick='toggleBox("Output-87286516", this, "Show output", "Hide output");'>Show output</a>

<a href="#Output-87286516" onClick="toggleAllBoxes();">Show all outputs</a>
<div class='log' id="Output-87286516">
Validating Chart Button<br/>
</div>
</td>
<td></td>
<td>8</td>
<td>com.zerodha.qa.testCases.SearchStockPageTest@24313fcc</td></tr>
<tr>
<td title='com.zerodha.qa.testCases.SearchStockPageTest.validateSearchBoxTest()'><b>validateSearchBoxTest</b><br>Test class: com.zerodha.qa.testCases.SearchStockPageTest<br/>
<a href="#Output-409848581" onClick='toggleBox("Output-409848581", this, "Show output", "Hide output");'>Show output</a>

<a href="#Output-409848581" onClick="toggleAllBoxes();">Show all outputs</a>
<div class='log' id="Output-409848581">
Validating Search Box Textfield<br/>
</div>
</td>
<td></td>
<td>0</td>
<td>com.zerodha.qa.testCases.SearchStockPageTest@24313fcc</td></tr>
<tr>
<td title='com.zerodha.qa.testCases.DashBoardPageTest.validateAppsLinkTest()'><b>validateAppsLinkTest</b><br>Test class: com.zerodha.qa.testCases.DashBoardPageTest</td>
<td></td>
<td>0</td>
<td>com.zerodha.qa.testCases.DashBoardPageTest@1e800aaa</td></tr>
<tr>
<td title='com.zerodha.qa.testCases.LoginPageTest.ValidateLogin()'><b>ValidateLogin</b><br>Test class: com.zerodha.qa.testCases.LoginPageTest<br>Parameters: GR8333, onkar1995, 531995, pass</td>
<td></td>
<td>0</td>
<td>com.zerodha.qa.testCases.LoginPageTest@5e5d171f</td></tr>
<tr>
<td title='com.zerodha.qa.testCases.DashBoardPageTest.validateProfileLinkTest()'><b>validateProfileLinkTest</b><br>Test class: com.zerodha.qa.testCases.DashBoardPageTest</td>
<td></td>
<td>1</td>
<td>com.zerodha.qa.testCases.DashBoardPageTest@1e800aaa</td></tr>
<tr>
<td title='com.zerodha.qa.testCases.LoginPageTest.validateTitle()'><b>validateTitle</b><br>Test class: com.zerodha.qa.testCases.LoginPageTest</td>
<td></td>
<td>0</td>
<td>com.zerodha.qa.testCases.LoginPageTest@5e5d171f</td></tr>
<tr>
<td title='com.zerodha.qa.testCases.SearchStockPageTest.validateStockList()'><b>validateStockList</b><br>Test class: com.zerodha.qa.testCases.SearchStockPageTest<br/>
<a href="#Output-1289671373" onClick='toggleBox("Output-1289671373", this, "Show output", "Hide output");'>Show output</a>

<a href="#Output-1289671373" onClick="toggleAllBoxes();">Show all outputs</a>
<div class='log' id="Output-1289671373">
Validating StockLIst<br/>
</div>
</td>
<td></td>
<td>0</td>
<td>com.zerodha.qa.testCases.SearchStockPageTest@24313fcc</td></tr>
<tr>
<td title='com.zerodha.qa.testCases.SearchStockPageTest.validateBuyButtonTest()'><b>validateBuyButtonTest</b><br>Test class: com.zerodha.qa.testCases.SearchStockPageTest<br/>
<a href="#Output-83812683" onClick='toggleBox("Output-83812683", this, "Show output", "Hide output");'>Show output</a>

<a href="#Output-83812683" onClick="toggleAllBoxes();">Show all outputs</a>
<div class='log' id="Output-83812683">
Validating Buy Button<br/>
</div>
</td>
<td></td>
<td>8</td>
<td>com.zerodha.qa.testCases.SearchStockPageTest@24313fcc</td></tr>
<tr>
<td title='com.zerodha.qa.testCases.DashBoardPageTest.validateHoldingsLinkTest()'><b>validateHoldingsLinkTest</b><br>Test class: com.zerodha.qa.testCases.DashBoardPageTest</td>
<td></td>
<td>1</td>
<td>com.zerodha.qa.testCases.DashBoardPageTest@1e800aaa</td></tr>
<tr>
<td title='com.zerodha.qa.testCases.DashBoardPageTest.validatePositionsLinkTest()'><b>validatePositionsLinkTest</b><br>Test class: com.zerodha.qa.testCases.DashBoardPageTest</td>
<td></td>
<td>1</td>
<td>com.zerodha.qa.testCases.DashBoardPageTest@1e800aaa</td></tr>
<tr>
<td title='com.zerodha.qa.testCases.SearchStockPageTest.validateMarketDepthButton()'><b>validateMarketDepthButton</b><br>Test class: com.zerodha.qa.testCases.SearchStockPageTest<br/>
<a href="#Output-475249993" onClick='toggleBox("Output-475249993", this, "Show output", "Hide output");'>Show output</a>

<a href="#Output-475249993" onClick="toggleAllBoxes();">Show all outputs</a>
<div class='log' id="Output-475249993">
Validating Market Depth Button<br/>
</div>
</td>
<td></td>
<td>8</td>
<td>com.zerodha.qa.testCases.SearchStockPageTest@24313fcc</td></tr>
<tr>
<td title='com.zerodha.qa.testCases.DashBoardPageTest.validateUserIdTest()'><b>validateUserIdTest</b><br>Test class: com.zerodha.qa.testCases.DashBoardPageTest</td>
<td></td>
<td>1</td>
<td>com.zerodha.qa.testCases.DashBoardPageTest@1e800aaa</td></tr>
<tr>
<td title='com.zerodha.qa.testCases.LoginPageTest.validateLogo()'><b>validateLogo</b><br>Test class: com.zerodha.qa.testCases.LoginPageTest</td>
<td></td>
<td>0</td>
<td>com.zerodha.qa.testCases.LoginPageTest@5e5d171f</td></tr>
</table><p>
</body>
</html>