<?xml version="1.0" encoding="UTF-8"?>
<testng-results ignored="1" total="24" passed="17" failed="6" skipped="0">
  <reporter-output>
    <line>
      <![CDATA[Validating Buy Button]]>
    </line>
    <line>
      <![CDATA[Validating Chart Button]]>
    </line>
    <line>
      <![CDATA[Validating Market Depth Button]]>
    </line>
    <line>
      <![CDATA[Validating Search Box Textfield]]>
    </line>
    <line>
      <![CDATA[Validating Sell Button]]>
    </line>
    <line>
      <![CDATA[Validating StockLIst]]>
    </line>
  </reporter-output>
  <suite started-at="2022-04-04T15:30:26 IST" name="Command line suite" finished-at="2022-04-04T15:33:57 IST" duration-ms="211625">
    <groups>
      <group name="dashboard">
        <method signature="DashBoardPageTest.validateOrderLinkTest()[pri:0, instance:com.zerodha.qa.testCases.DashBoardPageTest@1e800aaa]" name="validateOrderLinkTest" class="com.zerodha.qa.testCases.DashBoardPageTest"/>
        <method signature="DashBoardPageTest.validatePositionsLinkTest()[pri:0, instance:com.zerodha.qa.testCases.DashBoardPageTest@1e800aaa]" name="validatePositionsLinkTest" class="com.zerodha.qa.testCases.DashBoardPageTest"/>
        <method signature="DashBoardPageTest.validateUserIdTest()[pri:0, instance:com.zerodha.qa.testCases.DashBoardPageTest@1e800aaa]" name="validateUserIdTest" class="com.zerodha.qa.testCases.DashBoardPageTest"/>
      </group> <!-- dashboard -->
    </groups>
    <test started-at="2022-04-04T15:30:26 IST" name="Command line test" finished-at="2022-04-04T15:33:57 IST" duration-ms="211625">
      <class name="com.zerodha.qa.testCases.DashBoardPageTest">
        <test-method is-config="true" signature="setUp()[pri:0, instance:com.zerodha.qa.testCases.DashBoardPageTest@1e800aaa]" started-at="2022-04-04T15:30:26 IST" name="setUp" finished-at="2022-04-04T15:30:32 IST" duration-ms="6588" status="PASS">
          <reporter-output>
          </reporter-output>
        </test-method> <!-- setUp -->
        <test-method signature="validateAppsLinkTest()[pri:0, instance:com.zerodha.qa.testCases.DashBoardPageTest@1e800aaa]" started-at="2022-04-04T15:30:32 IST" name="validateAppsLinkTest" finished-at="2022-04-04T15:30:33 IST" duration-ms="837" status="PASS">
          <reporter-output>
          </reporter-output>
        </test-method> <!-- validateAppsLinkTest -->
        <test-method is-config="true" signature="tearDown()[pri:0, instance:com.zerodha.qa.testCases.DashBoardPageTest@1e800aaa]" started-at="2022-04-04T15:30:33 IST" name="tearDown" finished-at="2022-04-04T15:30:34 IST" duration-ms="573" status="PASS">
          <reporter-output>
          </reporter-output>
        </test-method> <!-- tearDown -->
        <test-method is-config="true" signature="setUp()[pri:0, instance:com.zerodha.qa.testCases.DashBoardPageTest@1e800aaa]" started-at="2022-04-04T15:30:34 IST" name="setUp" finished-at="2022-04-04T15:30:38 IST" duration-ms="4075" status="PASS">
          <reporter-output>
          </reporter-output>
        </test-method> <!-- setUp -->
        <test-method signature="validateFundsLinkTest()[pri:0, instance:com.zerodha.qa.testCases.DashBoardPageTest@1e800aaa]" started-at="2022-04-04T15:30:38 IST" name="validateFundsLinkTest" finished-at="2022-04-04T15:30:39 IST" duration-ms="903" status="PASS">
          <reporter-output>
          </reporter-output>
        </test-method> <!-- validateFundsLinkTest -->
        <test-method is-config="true" signature="tearDown()[pri:0, instance:com.zerodha.qa.testCases.DashBoardPageTest@1e800aaa]" started-at="2022-04-04T15:30:39 IST" name="tearDown" finished-at="2022-04-04T15:30:39 IST" duration-ms="579" status="PASS">
          <reporter-output>
          </reporter-output>
        </test-method> <!-- tearDown -->
        <test-method is-config="true" signature="setUp()[pri:0, instance:com.zerodha.qa.testCases.DashBoardPageTest@1e800aaa]" started-at="2022-04-04T15:30:39 IST" name="setUp" finished-at="2022-04-04T15:30:43 IST" duration-ms="3799" status="PASS">
          <reporter-output>
          </reporter-output>
        </test-method> <!-- setUp -->
        <test-method signature="validateHoldingsLinkTest()[pri:0, instance:com.zerodha.qa.testCases.DashBoardPageTest@1e800aaa]" started-at="2022-04-04T15:30:43 IST" name="validateHoldingsLinkTest" finished-at="2022-04-04T15:30:44 IST" duration-ms="1050" status="PASS">
          <reporter-output>
          </reporter-output>
        </test-method> <!-- validateHoldingsLinkTest -->
        <test-method is-config="true" signature="tearDown()[pri:0, instance:com.zerodha.qa.testCases.DashBoardPageTest@1e800aaa]" started-at="2022-04-04T15:30:44 IST" name="tearDown" finished-at="2022-04-04T15:30:45 IST" duration-ms="580" status="PASS">
          <reporter-output>
          </reporter-output>
        </test-method> <!-- tearDown -->
        <test-method is-config="true" signature="setUp()[pri:0, instance:com.zerodha.qa.testCases.DashBoardPageTest@1e800aaa]" started-at="2022-04-04T15:30:45 IST" name="setUp" finished-at="2022-04-04T15:30:50 IST" duration-ms="4995" status="PASS">
          <reporter-output>
          </reporter-output>
        </test-method> <!-- setUp -->
        <test-method signature="validateOrderLinkTest()[pri:0, instance:com.zerodha.qa.testCases.DashBoardPageTest@1e800aaa]" started-at="2022-04-04T15:30:50 IST" name="validateOrderLinkTest" finished-at="2022-04-04T15:30:51 IST" duration-ms="1009" status="PASS">
          <reporter-output>
          </reporter-output>
        </test-method> <!-- validateOrderLinkTest -->
        <test-method is-config="true" signature="tearDown()[pri:0, instance:com.zerodha.qa.testCases.DashBoardPageTest@1e800aaa]" started-at="2022-04-04T15:30:51 IST" name="tearDown" finished-at="2022-04-04T15:30:51 IST" duration-ms="599" status="PASS">
          <reporter-output>
          </reporter-output>
        </test-method> <!-- tearDown -->
        <test-method is-config="true" signature="setUp()[pri:0, instance:com.zerodha.qa.testCases.DashBoardPageTest@1e800aaa]" started-at="2022-04-04T15:30:51 IST" name="setUp" finished-at="2022-04-04T15:30:55 IST" duration-ms="3713" status="PASS">
          <reporter-output>
          </reporter-output>
        </test-method> <!-- setUp -->
        <test-method signature="validatePositionsLinkTest()[pri:0, instance:com.zerodha.qa.testCases.DashBoardPageTest@1e800aaa]" started-at="2022-04-04T15:30:55 IST" name="validatePositionsLinkTest" finished-at="2022-04-04T15:30:56 IST" duration-ms="1090" status="PASS">
          <reporter-output>
          </reporter-output>
        </test-method> <!-- validatePositionsLinkTest -->
        <test-method is-config="true" signature="tearDown()[pri:0, instance:com.zerodha.qa.testCases.DashBoardPageTest@1e800aaa]" started-at="2022-04-04T15:30:56 IST" name="tearDown" finished-at="2022-04-04T15:30:57 IST" duration-ms="576" status="PASS">
          <reporter-output>
          </reporter-output>
        </test-method> <!-- tearDown -->
        <test-method is-config="true" signature="setUp()[pri:0, instance:com.zerodha.qa.testCases.DashBoardPageTest@1e800aaa]" started-at="2022-04-04T15:30:57 IST" name="setUp" finished-at="2022-04-04T15:31:01 IST" duration-ms="4342" status="PASS">
          <reporter-output>
          </reporter-output>
        </test-method> <!-- setUp -->
        <test-method signature="validateProfileLinkTest()[pri:0, instance:com.zerodha.qa.testCases.DashBoardPageTest@1e800aaa]" started-at="2022-04-04T15:31:01 IST" name="validateProfileLinkTest" finished-at="2022-04-04T15:31:02 IST" duration-ms="1311" status="PASS">
          <reporter-output>
          </reporter-output>
        </test-method> <!-- validateProfileLinkTest -->
        <test-method is-config="true" signature="tearDown()[pri:0, instance:com.zerodha.qa.testCases.DashBoardPageTest@1e800aaa]" started-at="2022-04-04T15:31:02 IST" name="tearDown" finished-at="2022-04-04T15:31:03 IST" duration-ms="727" status="PASS">
          <reporter-output>
          </reporter-output>
        </test-method> <!-- tearDown -->
        <test-method is-config="true" signature="setUp()[pri:0, instance:com.zerodha.qa.testCases.DashBoardPageTest@1e800aaa]" started-at="2022-04-04T15:31:03 IST" name="setUp" finished-at="2022-04-04T15:31:07 IST" duration-ms="3651" status="PASS">
          <reporter-output>
          </reporter-output>
        </test-method> <!-- setUp -->
        <test-method signature="validateUserIdTest()[pri:0, instance:com.zerodha.qa.testCases.DashBoardPageTest@1e800aaa]" started-at="2022-04-04T15:31:07 IST" name="validateUserIdTest" finished-at="2022-04-04T15:31:08 IST" duration-ms="1029" status="PASS">
          <reporter-output>
          </reporter-output>
        </test-method> <!-- validateUserIdTest -->
        <test-method is-config="true" signature="tearDown()[pri:0, instance:com.zerodha.qa.testCases.DashBoardPageTest@1e800aaa]" started-at="2022-04-04T15:31:08 IST" name="tearDown" finished-at="2022-04-04T15:31:09 IST" duration-ms="710" status="PASS">
          <reporter-output>
          </reporter-output>
        </test-method> <!-- tearDown -->
        <test-method is-config="true" signature="setUp()[pri:0, instance:com.zerodha.qa.testCases.DashBoardPageTest@1e800aaa]" started-at="2022-04-04T15:31:09 IST" name="setUp" finished-at="2022-04-04T15:31:12 IST" duration-ms="3809" status="PASS">
          <reporter-output>
          </reporter-output>
        </test-method> <!-- setUp -->
        <test-method signature="validateTitleTest()[pri:1, instance:com.zerodha.qa.testCases.DashBoardPageTest@1e800aaa]" started-at="2022-04-04T15:31:12 IST" name="validateTitleTest" finished-at="2022-04-04T15:31:12 IST" duration-ms="5" status="FAIL">
          <exception class="java.lang.AssertionError">
            <message>
              <![CDATA[expected [Dashboard / Kite] but found [Kite - Zerodha's fast and elegant flagship trading platform]]]>
            </message>
            <full-stacktrace>
              <![CDATA[java.lang.AssertionError: expected [Dashboard / Kite] but found [Kite - Zerodha's fast and elegant flagship trading platform]
at org.testng.Assert.fail(Assert.java:110)
at org.testng.Assert.failNotEquals(Assert.java:1413)
at org.testng.Assert.assertEqualsImpl(Assert.java:149)
at org.testng.Assert.assertEquals(Assert.java:131)
at org.testng.Assert.assertEquals(Assert.java:655)
at org.testng.Assert.assertEquals(Assert.java:665)
at com.zerodha.qa.testCases.DashBoardPageTest.validateTitleTest(DashBoardPageTest.java:33)
at java.base/jdk.internal.reflect.NativeMethodAccessorImpl.invoke0(Native Method)
at java.base/jdk.internal.reflect.NativeMethodAccessorImpl.invoke(NativeMethodAccessorImpl.java:62)
at java.base/jdk.internal.reflect.DelegatingMethodAccessorImpl.invoke(DelegatingMethodAccessorImpl.java:43)
at java.base/java.lang.reflect.Method.invoke(Method.java:566)
at org.testng.internal.invokers.MethodInvocationHelper.invokeMethod(MethodInvocationHelper.java:135)
at org.testng.internal.invokers.TestInvoker.invokeMethod(TestInvoker.java:673)
at org.testng.internal.invokers.TestInvoker.invokeTestMethod(TestInvoker.java:220)
at org.testng.internal.invokers.MethodRunner.runInSequence(MethodRunner.java:50)
at org.testng.internal.invokers.TestInvoker$MethodInvocationAgent.invoke(TestInvoker.java:945)
at org.testng.internal.invokers.TestInvoker.invokeTestMethods(TestInvoker.java:193)
at org.testng.internal.invokers.TestMethodWorker.invokeTestMethods(TestMethodWorker.java:146)
at org.testng.internal.invokers.TestMethodWorker.run(TestMethodWorker.java:128)
at java.base/java.util.ArrayList.forEach(ArrayList.java:1541)
at org.testng.TestRunner.privateRun(TestRunner.java:808)
at org.testng.TestRunner.run(TestRunner.java:603)
at org.testng.SuiteRunner.runTest(SuiteRunner.java:429)
at org.testng.SuiteRunner.runSequentially(SuiteRunner.java:423)
at org.testng.SuiteRunner.privateRun(SuiteRunner.java:383)
at org.testng.SuiteRunner.run(SuiteRunner.java:326)
at org.testng.SuiteRunnerWorker.runSuite(SuiteRunnerWorker.java:52)
at org.testng.SuiteRunnerWorker.run(SuiteRunnerWorker.java:95)
at org.testng.TestNG.runSuitesSequentially(TestNG.java:1249)
at org.testng.TestNG.runSuitesLocally(TestNG.java:1169)
at org.testng.TestNG.runSuites(TestNG.java:1092)
at org.testng.TestNG.run(TestNG.java:1060)
at org.apache.maven.surefire.testng.TestNGExecutor.run(TestNGExecutor.java:77)
at org.apache.maven.surefire.testng.TestNGDirectoryTestSuite.executeMulti(TestNGDirectoryTestSuite.java:159)
at org.apache.maven.surefire.testng.TestNGDirectoryTestSuite.execute(TestNGDirectoryTestSuite.java:99)
at org.apache.maven.surefire.testng.TestNGProvider.invoke(TestNGProvider.java:106)
at java.base/jdk.internal.reflect.NativeMethodAccessorImpl.invoke0(Native Method)
at java.base/jdk.internal.reflect.NativeMethodAccessorImpl.invoke(NativeMethodAccessorImpl.java:62)
at java.base/jdk.internal.reflect.DelegatingMethodAccessorImpl.invoke(DelegatingMethodAccessorImpl.java:43)
at java.base/java.lang.reflect.Method.invoke(Method.java:566)
at org.apache.maven.surefire.util.ReflectionUtils.invokeMethodWithArray(ReflectionUtils.java:189)
at org.apache.maven.surefire.booter.ProviderFactory$ProviderProxy.invoke(ProviderFactory.java:165)
at org.apache.maven.surefire.booter.ProviderFactory.invokeProvider(ProviderFactory.java:85)
at org.apache.maven.surefire.booter.ForkedBooter.runSuitesInProcess(ForkedBooter.java:115)
at org.apache.maven.surefire.booter.ForkedBooter.main(ForkedBooter.java:75)
]]>
            </full-stacktrace>
          </exception> <!-- java.lang.AssertionError -->
          <reporter-output>
          </reporter-output>
        </test-method> <!-- validateTitleTest -->
        <test-method is-config="true" signature="tearDown()[pri:0, instance:com.zerodha.qa.testCases.DashBoardPageTest@1e800aaa]" started-at="2022-04-04T15:31:12 IST" name="tearDown" finished-at="2022-04-04T15:31:13 IST" duration-ms="585" status="PASS">
          <reporter-output>
          </reporter-output>
        </test-method> <!-- tearDown -->
        <test-method signature="validateUserNameTest(java.lang.String)[pri:2, instance:com.zerodha.qa.testCases.DashBoardPageTest@1e800aaa]" started-at="2022-04-04T15:31:13 IST" name="validateUserNameTest" finished-at="2022-04-04T15:31:13 IST" duration-ms="0" status="FAIL">
          <exception class="org.testng.TestNGException">
            <message>
              <![CDATA[
Parameter 'UserName' is required by @Test on method validateUserNameTest but has not been marked @Optional or defined
]]>
            </message>
            <full-stacktrace>
              <![CDATA[org.testng.TestNGException: 
Parameter 'UserName' is required by @Test on method validateUserNameTest but has not been marked @Optional or defined

at org.testng.internal.Parameters.createParams(Parameters.java:267)
at org.testng.internal.Parameters.createParametersForMethod(Parameters.java:355)
at org.testng.internal.Parameters.createParameters(Parameters.java:660)
at org.testng.internal.Parameters.handleParameters(Parameters.java:856)
at org.testng.internal.Parameters.handleParameters(Parameters.java:704)
at org.testng.internal.invokers.ParameterHandler.handleParameters(ParameterHandler.java:70)
at org.testng.internal.invokers.ParameterHandler.createParameters(ParameterHandler.java:49)
at org.testng.internal.invokers.TestInvoker$MethodInvocationAgent.invoke(TestInvoker.java:904)
at org.testng.internal.invokers.TestInvoker.invokeTestMethods(TestInvoker.java:193)
at org.testng.internal.invokers.TestMethodWorker.invokeTestMethods(TestMethodWorker.java:146)
at org.testng.internal.invokers.TestMethodWorker.run(TestMethodWorker.java:128)
at java.base/java.util.ArrayList.forEach(ArrayList.java:1541)
at org.testng.TestRunner.privateRun(TestRunner.java:808)
at org.testng.TestRunner.run(TestRunner.java:603)
at org.testng.SuiteRunner.runTest(SuiteRunner.java:429)
at org.testng.SuiteRunner.runSequentially(SuiteRunner.java:423)
at org.testng.SuiteRunner.privateRun(SuiteRunner.java:383)
at org.testng.SuiteRunner.run(SuiteRunner.java:326)
at org.testng.SuiteRunnerWorker.runSuite(SuiteRunnerWorker.java:52)
at org.testng.SuiteRunnerWorker.run(SuiteRunnerWorker.java:95)
at org.testng.TestNG.runSuitesSequentially(TestNG.java:1249)
at org.testng.TestNG.runSuitesLocally(TestNG.java:1169)
at org.testng.TestNG.runSuites(TestNG.java:1092)
at org.testng.TestNG.run(TestNG.java:1060)
at org.apache.maven.surefire.testng.TestNGExecutor.run(TestNGExecutor.java:77)
at org.apache.maven.surefire.testng.TestNGDirectoryTestSuite.executeMulti(TestNGDirectoryTestSuite.java:159)
at org.apache.maven.surefire.testng.TestNGDirectoryTestSuite.execute(TestNGDirectoryTestSuite.java:99)
at org.apache.maven.surefire.testng.TestNGProvider.invoke(TestNGProvider.java:106)
at java.base/jdk.internal.reflect.NativeMethodAccessorImpl.invoke0(Native Method)
at java.base/jdk.internal.reflect.NativeMethodAccessorImpl.invoke(NativeMethodAccessorImpl.java:62)
at java.base/jdk.internal.reflect.DelegatingMethodAccessorImpl.invoke(DelegatingMethodAccessorImpl.java:43)
at java.base/java.lang.reflect.Method.invoke(Method.java:566)
at org.apache.maven.surefire.util.ReflectionUtils.invokeMethodWithArray(ReflectionUtils.java:189)
at org.apache.maven.surefire.booter.ProviderFactory$ProviderProxy.invoke(ProviderFactory.java:165)
at org.apache.maven.surefire.booter.ProviderFactory.invokeProvider(ProviderFactory.java:85)
at org.apache.maven.surefire.booter.ForkedBooter.runSuitesInProcess(ForkedBooter.java:115)
at org.apache.maven.surefire.booter.ForkedBooter.main(ForkedBooter.java:75)
]]>
            </full-stacktrace>
          </exception> <!-- org.testng.TestNGException -->
          <reporter-output>
          </reporter-output>
        </test-method> <!-- validateUserNameTest -->
      </class> <!-- com.zerodha.qa.testCases.DashBoardPageTest -->
      <class name="com.zerodha.qa.testCases.SearchStockPageTest">
        <test-method is-config="true" signature="setUp()[pri:0, instance:com.zerodha.qa.testCases.SearchStockPageTest@24313fcc]" started-at="2022-04-04T15:32:36 IST" name="setUp" finished-at="2022-04-04T15:32:42 IST" duration-ms="6167" status="PASS">
          <reporter-output>
          </reporter-output>
        </test-method> <!-- setUp -->
        <test-method signature="validateBuyButtonTest()[pri:0, instance:com.zerodha.qa.testCases.SearchStockPageTest@24313fcc]" started-at="2022-04-04T15:32:42 IST" name="validateBuyButtonTest" finished-at="2022-04-04T15:32:50 IST" duration-ms="8329" status="PASS">
          <reporter-output>
            <line>
              <![CDATA[Validating Buy Button]]>
            </line>
          </reporter-output>
        </test-method> <!-- validateBuyButtonTest -->
        <test-method is-config="true" signature="tearDown()[pri:0, instance:com.zerodha.qa.testCases.SearchStockPageTest@24313fcc]" started-at="2022-04-04T15:32:50 IST" name="tearDown" finished-at="2022-04-04T15:32:51 IST" duration-ms="604" status="PASS">
          <reporter-output>
          </reporter-output>
        </test-method> <!-- tearDown -->
        <test-method is-config="true" signature="setUp()[pri:0, instance:com.zerodha.qa.testCases.SearchStockPageTest@24313fcc]" started-at="2022-04-04T15:32:51 IST" name="setUp" finished-at="2022-04-04T15:32:57 IST" duration-ms="6586" status="PASS">
          <reporter-output>
          </reporter-output>
        </test-method> <!-- setUp -->
        <test-method signature="validateChartButton()[pri:0, instance:com.zerodha.qa.testCases.SearchStockPageTest@24313fcc]" started-at="2022-04-04T15:32:57 IST" name="validateChartButton" finished-at="2022-04-04T15:33:06 IST" duration-ms="8253" status="PASS">
          <reporter-output>
            <line>
              <![CDATA[Validating Chart Button]]>
            </line>
          </reporter-output>
        </test-method> <!-- validateChartButton -->
        <test-method is-config="true" signature="tearDown()[pri:0, instance:com.zerodha.qa.testCases.SearchStockPageTest@24313fcc]" started-at="2022-04-04T15:33:06 IST" name="tearDown" finished-at="2022-04-04T15:33:06 IST" duration-ms="617" status="PASS">
          <reporter-output>
          </reporter-output>
        </test-method> <!-- tearDown -->
        <test-method is-config="true" signature="setUp()[pri:0, instance:com.zerodha.qa.testCases.SearchStockPageTest@24313fcc]" started-at="2022-04-04T15:33:06 IST" name="setUp" finished-at="2022-04-04T15:33:13 IST" duration-ms="6497" status="PASS">
          <reporter-output>
          </reporter-output>
        </test-method> <!-- setUp -->
        <test-method signature="validateMarketDepthButton()[pri:0, instance:com.zerodha.qa.testCases.SearchStockPageTest@24313fcc]" started-at="2022-04-04T15:33:13 IST" name="validateMarketDepthButton" finished-at="2022-04-04T15:33:21 IST" duration-ms="8361" status="PASS">
          <reporter-output>
            <line>
              <![CDATA[Validating Market Depth Button]]>
            </line>
          </reporter-output>
        </test-method> <!-- validateMarketDepthButton -->
        <test-method is-config="true" signature="tearDown()[pri:0, instance:com.zerodha.qa.testCases.SearchStockPageTest@24313fcc]" started-at="2022-04-04T15:33:21 IST" name="tearDown" finished-at="2022-04-04T15:33:22 IST" duration-ms="624" status="PASS">
          <reporter-output>
          </reporter-output>
        </test-method> <!-- tearDown -->
        <test-method is-config="true" signature="setUp()[pri:0, instance:com.zerodha.qa.testCases.SearchStockPageTest@24313fcc]" started-at="2022-04-04T15:33:22 IST" name="setUp" finished-at="2022-04-04T15:33:29 IST" duration-ms="7611" status="PASS">
          <reporter-output>
          </reporter-output>
        </test-method> <!-- setUp -->
        <test-method signature="validateSearchBoxTest()[pri:0, instance:com.zerodha.qa.testCases.SearchStockPageTest@24313fcc]" started-at="2022-04-04T15:33:29 IST" name="validateSearchBoxTest" finished-at="2022-04-04T15:33:30 IST" duration-ms="710" status="PASS">
          <reporter-output>
            <line>
              <![CDATA[Validating Search Box Textfield]]>
            </line>
          </reporter-output>
        </test-method> <!-- validateSearchBoxTest -->
        <test-method is-config="true" signature="tearDown()[pri:0, instance:com.zerodha.qa.testCases.SearchStockPageTest@24313fcc]" started-at="2022-04-04T15:33:30 IST" name="tearDown" finished-at="2022-04-04T15:33:31 IST" duration-ms="577" status="PASS">
          <reporter-output>
          </reporter-output>
        </test-method> <!-- tearDown -->
        <test-method is-config="true" signature="setUp()[pri:0, instance:com.zerodha.qa.testCases.SearchStockPageTest@24313fcc]" started-at="2022-04-04T15:33:31 IST" name="setUp" finished-at="2022-04-04T15:33:40 IST" duration-ms="9020" status="PASS">
          <reporter-output>
          </reporter-output>
        </test-method> <!-- setUp -->
        <test-method signature="validateSellButtonTest()[pri:0, instance:com.zerodha.qa.testCases.SearchStockPageTest@24313fcc]" started-at="2022-04-04T15:33:40 IST" name="validateSellButtonTest" finished-at="2022-04-04T15:33:48 IST" duration-ms="8327" status="PASS">
          <reporter-output>
            <line>
              <![CDATA[Validating Sell Button]]>
            </line>
          </reporter-output>
        </test-method> <!-- validateSellButtonTest -->
        <test-method is-config="true" signature="tearDown()[pri:0, instance:com.zerodha.qa.testCases.SearchStockPageTest@24313fcc]" started-at="2022-04-04T15:33:48 IST" name="tearDown" finished-at="2022-04-04T15:33:49 IST" duration-ms="671" status="PASS">
          <reporter-output>
          </reporter-output>
        </test-method> <!-- tearDown -->
        <test-method is-config="true" signature="setUp()[pri:0, instance:com.zerodha.qa.testCases.SearchStockPageTest@24313fcc]" started-at="2022-04-04T15:33:49 IST" name="setUp" finished-at="2022-04-04T15:33:57 IST" duration-ms="8126" status="PASS">
          <reporter-output>
          </reporter-output>
        </test-method> <!-- setUp -->
        <test-method signature="validateStockList()[pri:0, instance:com.zerodha.qa.testCases.SearchStockPageTest@24313fcc]" started-at="2022-04-04T15:33:57 IST" name="validateStockList" finished-at="2022-04-04T15:33:57 IST" duration-ms="47" status="PASS">
          <reporter-output>
            <line>
              <![CDATA[Validating StockLIst]]>
            </line>
          </reporter-output>
        </test-method> <!-- validateStockList -->
        <test-method is-config="true" signature="tearDown()[pri:0, instance:com.zerodha.qa.testCases.SearchStockPageTest@24313fcc]" started-at="2022-04-04T15:33:57 IST" name="tearDown" finished-at="2022-04-04T15:33:57 IST" duration-ms="700" status="PASS">
          <reporter-output>
          </reporter-output>
        </test-method> <!-- tearDown -->
      </class> <!-- com.zerodha.qa.testCases.SearchStockPageTest -->
      <class name="com.zerodha.qa.testCases.LoginPageTest">
        <test-method is-config="true" signature="setup()[pri:0, instance:com.zerodha.qa.testCases.LoginPageTest@5e5d171f]" started-at="2022-04-04T15:31:13 IST" name="setup" finished-at="2022-04-04T15:31:16 IST" duration-ms="3295" status="PASS">
          <reporter-output>
          </reporter-output>
        </test-method> <!-- setup -->
        <test-method signature="ValidateForgetPasswordLink()[pri:0, instance:com.zerodha.qa.testCases.LoginPageTest@5e5d171f]" started-at="2022-04-04T15:31:16 IST" name="ValidateForgetPasswordLink" finished-at="2022-04-04T15:31:16 IST" duration-ms="71" status="PASS">
          <reporter-output>
          </reporter-output>
        </test-method> <!-- ValidateForgetPasswordLink -->
        <test-method is-config="true" signature="tearDown()[pri:0, instance:com.zerodha.qa.testCases.LoginPageTest@5e5d171f]" started-at="2022-04-04T15:31:16 IST" name="tearDown" finished-at="2022-04-04T15:31:17 IST" duration-ms="606" status="PASS">
          <reporter-output>
          </reporter-output>
        </test-method> <!-- tearDown -->
        <test-method is-config="true" signature="setup()[pri:0, instance:com.zerodha.qa.testCases.LoginPageTest@5e5d171f]" started-at="2022-04-04T15:31:18 IST" name="setup" finished-at="2022-04-04T15:31:21 IST" duration-ms="3483" status="PASS">
          <reporter-output>
          </reporter-output>
        </test-method> <!-- setup -->
        <test-method signature="ValidateLogin(java.lang.String,java.lang.String,java.lang.String,java.lang.String)[pri:0, instance:com.zerodha.qa.testCases.LoginPageTest@5e5d171f]" started-at="2022-04-04T15:31:21 IST" name="ValidateLogin" data-provider="getLoginTestCaseData" finished-at="2022-04-04T15:31:32 IST" duration-ms="10551" status="FAIL">
          <params>
            <param index="0">
              <value>
                <![CDATA[GR1234]]>
              </value>
            </param>
            <param index="1">
              <value>
                <![CDATA[abc123]]>
              </value>
            </param>
            <param index="2">
              <value>
                <![CDATA[123456]]>
              </value>
            </param>
            <param index="3">
              <value>
                <![CDATA[fail]]>
              </value>
            </param>
          </params>
          <exception class="java.lang.AssertionError">
            <message>
              <![CDATA[expected [true] but found [false]]]>
            </message>
            <full-stacktrace>
              <![CDATA[java.lang.AssertionError: expected [true] but found [false]
at org.testng.Assert.fail(Assert.java:110)
at org.testng.Assert.failNotEquals(Assert.java:1413)
at org.testng.Assert.assertTrue(Assert.java:56)
at org.testng.Assert.assertTrue(Assert.java:66)
at com.zerodha.qa.testCases.LoginPageTest.ValidateLogin(LoginPageTest.java:68)
at java.base/jdk.internal.reflect.NativeMethodAccessorImpl.invoke0(Native Method)
at java.base/jdk.internal.reflect.NativeMethodAccessorImpl.invoke(NativeMethodAccessorImpl.java:62)
at java.base/jdk.internal.reflect.DelegatingMethodAccessorImpl.invoke(DelegatingMethodAccessorImpl.java:43)
at java.base/java.lang.reflect.Method.invoke(Method.java:566)
at org.testng.internal.invokers.MethodInvocationHelper.invokeMethod(MethodInvocationHelper.java:135)
at org.testng.internal.invokers.TestInvoker.invokeMethod(TestInvoker.java:673)
at org.testng.internal.invokers.TestInvoker.invokeTestMethod(TestInvoker.java:220)
at org.testng.internal.invokers.MethodRunner.runInSequence(MethodRunner.java:50)
at org.testng.internal.invokers.TestInvoker$MethodInvocationAgent.invoke(TestInvoker.java:945)
at org.testng.internal.invokers.TestInvoker.invokeTestMethods(TestInvoker.java:193)
at org.testng.internal.invokers.TestMethodWorker.invokeTestMethods(TestMethodWorker.java:146)
at org.testng.internal.invokers.TestMethodWorker.run(TestMethodWorker.java:128)
at java.base/java.util.ArrayList.forEach(ArrayList.java:1541)
at org.testng.TestRunner.privateRun(TestRunner.java:808)
at org.testng.TestRunner.run(TestRunner.java:603)
at org.testng.SuiteRunner.runTest(SuiteRunner.java:429)
at org.testng.SuiteRunner.runSequentially(SuiteRunner.java:423)
at org.testng.SuiteRunner.privateRun(SuiteRunner.java:383)
at org.testng.SuiteRunner.run(SuiteRunner.java:326)
at org.testng.SuiteRunnerWorker.runSuite(SuiteRunnerWorker.java:52)
at org.testng.SuiteRunnerWorker.run(SuiteRunnerWorker.java:95)
at org.testng.TestNG.runSuitesSequentially(TestNG.java:1249)
at org.testng.TestNG.runSuitesLocally(TestNG.java:1169)
at org.testng.TestNG.runSuites(TestNG.java:1092)
at org.testng.TestNG.run(TestNG.java:1060)
at org.apache.maven.surefire.testng.TestNGExecutor.run(TestNGExecutor.java:77)
at org.apache.maven.surefire.testng.TestNGDirectoryTestSuite.executeMulti(TestNGDirectoryTestSuite.java:159)
at org.apache.maven.surefire.testng.TestNGDirectoryTestSuite.execute(TestNGDirectoryTestSuite.java:99)
at org.apache.maven.surefire.testng.TestNGProvider.invoke(TestNGProvider.java:106)
at java.base/jdk.internal.reflect.NativeMethodAccessorImpl.invoke0(Native Method)
at java.base/jdk.internal.reflect.NativeMethodAccessorImpl.invoke(NativeMethodAccessorImpl.java:62)
at java.base/jdk.internal.reflect.DelegatingMethodAccessorImpl.invoke(DelegatingMethodAccessorImpl.java:43)
at java.base/java.lang.reflect.Method.invoke(Method.java:566)
at org.apache.maven.surefire.util.ReflectionUtils.invokeMethodWithArray(ReflectionUtils.java:189)
at org.apache.maven.surefire.booter.ProviderFactory$ProviderProxy.invoke(ProviderFactory.java:165)
at org.apache.maven.surefire.booter.ProviderFactory.invokeProvider(ProviderFactory.java:85)
at org.apache.maven.surefire.booter.ForkedBooter.runSuitesInProcess(ForkedBooter.java:115)
at org.apache.maven.surefire.booter.ForkedBooter.main(ForkedBooter.java:75)
]]>
            </full-stacktrace>
          </exception> <!-- java.lang.AssertionError -->
          <reporter-output>
          </reporter-output>
        </test-method> <!-- ValidateLogin -->
        <test-method is-config="true" signature="tearDown()[pri:0, instance:com.zerodha.qa.testCases.LoginPageTest@5e5d171f]" started-at="2022-04-04T15:31:32 IST" name="tearDown" finished-at="2022-04-04T15:31:32 IST" duration-ms="641" status="PASS">
          <reporter-output>
          </reporter-output>
        </test-method> <!-- tearDown -->
        <test-method is-config="true" signature="setup()[pri:0, instance:com.zerodha.qa.testCases.LoginPageTest@5e5d171f]" started-at="2022-04-04T15:31:32 IST" name="setup" finished-at="2022-04-04T15:31:37 IST" duration-ms="4472" status="PASS">
          <reporter-output>
          </reporter-output>
        </test-method> <!-- setup -->
        <test-method signature="ValidateLogin(java.lang.String,java.lang.String,java.lang.String,java.lang.String)[pri:0, instance:com.zerodha.qa.testCases.LoginPageTest@5e5d171f]" started-at="2022-04-04T15:31:37 IST" name="ValidateLogin" data-provider="getLoginTestCaseData" finished-at="2022-04-04T15:31:47 IST" duration-ms="10272" status="FAIL">
          <params>
            <param index="0">
              <value>
                <![CDATA[GR1235]]>
              </value>
            </param>
            <param index="1">
              <value>
                <![CDATA[abc124]]>
              </value>
            </param>
            <param index="2">
              <value>
                <![CDATA[123457]]>
              </value>
            </param>
            <param index="3">
              <value>
                <![CDATA[fail]]>
              </value>
            </param>
          </params>
          <exception class="java.lang.AssertionError">
            <message>
              <![CDATA[expected [true] but found [false]]]>
            </message>
            <full-stacktrace>
              <![CDATA[java.lang.AssertionError: expected [true] but found [false]
at org.testng.Assert.fail(Assert.java:110)
at org.testng.Assert.failNotEquals(Assert.java:1413)
at org.testng.Assert.assertTrue(Assert.java:56)
at org.testng.Assert.assertTrue(Assert.java:66)
at com.zerodha.qa.testCases.LoginPageTest.ValidateLogin(LoginPageTest.java:68)
at java.base/jdk.internal.reflect.NativeMethodAccessorImpl.invoke0(Native Method)
at java.base/jdk.internal.reflect.NativeMethodAccessorImpl.invoke(NativeMethodAccessorImpl.java:62)
at java.base/jdk.internal.reflect.DelegatingMethodAccessorImpl.invoke(DelegatingMethodAccessorImpl.java:43)
at java.base/java.lang.reflect.Method.invoke(Method.java:566)
at org.testng.internal.invokers.MethodInvocationHelper.invokeMethod(MethodInvocationHelper.java:135)
at org.testng.internal.invokers.TestInvoker.invokeMethod(TestInvoker.java:673)
at org.testng.internal.invokers.TestInvoker.invokeTestMethod(TestInvoker.java:220)
at org.testng.internal.invokers.MethodRunner.runInSequence(MethodRunner.java:50)
at org.testng.internal.invokers.TestInvoker$MethodInvocationAgent.invoke(TestInvoker.java:945)
at org.testng.internal.invokers.TestInvoker.invokeTestMethods(TestInvoker.java:193)
at org.testng.internal.invokers.TestMethodWorker.invokeTestMethods(TestMethodWorker.java:146)
at org.testng.internal.invokers.TestMethodWorker.run(TestMethodWorker.java:128)
at java.base/java.util.ArrayList.forEach(ArrayList.java:1541)
at org.testng.TestRunner.privateRun(TestRunner.java:808)
at org.testng.TestRunner.run(TestRunner.java:603)
at org.testng.SuiteRunner.runTest(SuiteRunner.java:429)
at org.testng.SuiteRunner.runSequentially(SuiteRunner.java:423)
at org.testng.SuiteRunner.privateRun(SuiteRunner.java:383)
at org.testng.SuiteRunner.run(SuiteRunner.java:326)
at org.testng.SuiteRunnerWorker.runSuite(SuiteRunnerWorker.java:52)
at org.testng.SuiteRunnerWorker.run(SuiteRunnerWorker.java:95)
at org.testng.TestNG.runSuitesSequentially(TestNG.java:1249)
at org.testng.TestNG.runSuitesLocally(TestNG.java:1169)
at org.testng.TestNG.runSuites(TestNG.java:1092)
at org.testng.TestNG.run(TestNG.java:1060)
at org.apache.maven.surefire.testng.TestNGExecutor.run(TestNGExecutor.java:77)
at org.apache.maven.surefire.testng.TestNGDirectoryTestSuite.executeMulti(TestNGDirectoryTestSuite.java:159)
at org.apache.maven.surefire.testng.TestNGDirectoryTestSuite.execute(TestNGDirectoryTestSuite.java:99)
at org.apache.maven.surefire.testng.TestNGProvider.invoke(TestNGProvider.java:106)
at java.base/jdk.internal.reflect.NativeMethodAccessorImpl.invoke0(Native Method)
at java.base/jdk.internal.reflect.NativeMethodAccessorImpl.invoke(NativeMethodAccessorImpl.java:62)
at java.base/jdk.internal.reflect.DelegatingMethodAccessorImpl.invoke(DelegatingMethodAccessorImpl.java:43)
at java.base/java.lang.reflect.Method.invoke(Method.java:566)
at org.apache.maven.surefire.util.ReflectionUtils.invokeMethodWithArray(ReflectionUtils.java:189)
at org.apache.maven.surefire.booter.ProviderFactory$ProviderProxy.invoke(ProviderFactory.java:165)
at org.apache.maven.surefire.booter.ProviderFactory.invokeProvider(ProviderFactory.java:85)
at org.apache.maven.surefire.booter.ForkedBooter.runSuitesInProcess(ForkedBooter.java:115)
at org.apache.maven.surefire.booter.ForkedBooter.main(ForkedBooter.java:75)
]]>
            </full-stacktrace>
          </exception> <!-- java.lang.AssertionError -->
          <reporter-output>
          </reporter-output>
        </test-method> <!-- ValidateLogin -->
        <test-method is-config="true" signature="tearDown()[pri:0, instance:com.zerodha.qa.testCases.LoginPageTest@5e5d171f]" started-at="2022-04-04T15:31:47 IST" name="tearDown" finished-at="2022-04-04T15:31:48 IST" duration-ms="659" status="PASS">
          <reporter-output>
          </reporter-output>
        </test-method> <!-- tearDown -->
        <test-method is-config="true" signature="setup()[pri:0, instance:com.zerodha.qa.testCases.LoginPageTest@5e5d171f]" started-at="2022-04-04T15:31:48 IST" name="setup" finished-at="2022-04-04T15:31:53 IST" duration-ms="4972" status="PASS">
          <reporter-output>
          </reporter-output>
        </test-method> <!-- setup -->
        <test-method signature="ValidateLogin(java.lang.String,java.lang.String,java.lang.String,java.lang.String)[pri:0, instance:com.zerodha.qa.testCases.LoginPageTest@5e5d171f]" started-at="2022-04-04T15:31:53 IST" name="ValidateLogin" data-provider="getLoginTestCaseData" finished-at="2022-04-04T15:31:54 IST" duration-ms="720" status="PASS">
          <params>
            <param index="0">
              <value>
                <![CDATA[GR8333]]>
              </value>
            </param>
            <param index="1">
              <value>
                <![CDATA[onkar1995]]>
              </value>
            </param>
            <param index="2">
              <value>
                <![CDATA[531995]]>
              </value>
            </param>
            <param index="3">
              <value>
                <![CDATA[pass]]>
              </value>
            </param>
          </params>
          <reporter-output>
          </reporter-output>
        </test-method> <!-- ValidateLogin -->
        <test-method is-config="true" signature="tearDown()[pri:0, instance:com.zerodha.qa.testCases.LoginPageTest@5e5d171f]" started-at="2022-04-04T15:31:54 IST" name="tearDown" finished-at="2022-04-04T15:31:54 IST" duration-ms="646" status="PASS">
          <reporter-output>
          </reporter-output>
        </test-method> <!-- tearDown -->
        <test-method is-config="true" signature="setup()[pri:0, instance:com.zerodha.qa.testCases.LoginPageTest@5e5d171f]" started-at="2022-04-04T15:31:54 IST" name="setup" finished-at="2022-04-04T15:31:58 IST" duration-ms="3576" status="PASS">
          <reporter-output>
          </reporter-output>
        </test-method> <!-- setup -->
        <test-method signature="ValidateLogin(java.lang.String,java.lang.String,java.lang.String,java.lang.String)[pri:0, instance:com.zerodha.qa.testCases.LoginPageTest@5e5d171f]" started-at="2022-04-04T15:31:58 IST" name="ValidateLogin" data-provider="getLoginTestCaseData" finished-at="2022-04-04T15:32:08 IST" duration-ms="10330" status="FAIL">
          <params>
            <param index="0">
              <value>
                <![CDATA[GR1237]]>
              </value>
            </param>
            <param index="1">
              <value>
                <![CDATA[abc126]]>
              </value>
            </param>
            <param index="2">
              <value>
                <![CDATA[123459]]>
              </value>
            </param>
            <param index="3">
              <value>
                <![CDATA[fail]]>
              </value>
            </param>
          </params>
          <exception class="java.lang.AssertionError">
            <message>
              <![CDATA[expected [true] but found [false]]]>
            </message>
            <full-stacktrace>
              <![CDATA[java.lang.AssertionError: expected [true] but found [false]
at org.testng.Assert.fail(Assert.java:110)
at org.testng.Assert.failNotEquals(Assert.java:1413)
at org.testng.Assert.assertTrue(Assert.java:56)
at org.testng.Assert.assertTrue(Assert.java:66)
at com.zerodha.qa.testCases.LoginPageTest.ValidateLogin(LoginPageTest.java:68)
at java.base/jdk.internal.reflect.NativeMethodAccessorImpl.invoke0(Native Method)
at java.base/jdk.internal.reflect.NativeMethodAccessorImpl.invoke(NativeMethodAccessorImpl.java:62)
at java.base/jdk.internal.reflect.DelegatingMethodAccessorImpl.invoke(DelegatingMethodAccessorImpl.java:43)
at java.base/java.lang.reflect.Method.invoke(Method.java:566)
at org.testng.internal.invokers.MethodInvocationHelper.invokeMethod(MethodInvocationHelper.java:135)
at org.testng.internal.invokers.TestInvoker.invokeMethod(TestInvoker.java:673)
at org.testng.internal.invokers.TestInvoker.invokeTestMethod(TestInvoker.java:220)
at org.testng.internal.invokers.MethodRunner.runInSequence(MethodRunner.java:50)
at org.testng.internal.invokers.TestInvoker$MethodInvocationAgent.invoke(TestInvoker.java:945)
at org.testng.internal.invokers.TestInvoker.invokeTestMethods(TestInvoker.java:193)
at org.testng.internal.invokers.TestMethodWorker.invokeTestMethods(TestMethodWorker.java:146)
at org.testng.internal.invokers.TestMethodWorker.run(TestMethodWorker.java:128)
at java.base/java.util.ArrayList.forEach(ArrayList.java:1541)
at org.testng.TestRunner.privateRun(TestRunner.java:808)
at org.testng.TestRunner.run(TestRunner.java:603)
at org.testng.SuiteRunner.runTest(SuiteRunner.java:429)
at org.testng.SuiteRunner.runSequentially(SuiteRunner.java:423)
at org.testng.SuiteRunner.privateRun(SuiteRunner.java:383)
at org.testng.SuiteRunner.run(SuiteRunner.java:326)
at org.testng.SuiteRunnerWorker.runSuite(SuiteRunnerWorker.java:52)
at org.testng.SuiteRunnerWorker.run(SuiteRunnerWorker.java:95)
at org.testng.TestNG.runSuitesSequentially(TestNG.java:1249)
at org.testng.TestNG.runSuitesLocally(TestNG.java:1169)
at org.testng.TestNG.runSuites(TestNG.java:1092)
at org.testng.TestNG.run(TestNG.java:1060)
at org.apache.maven.surefire.testng.TestNGExecutor.run(TestNGExecutor.java:77)
at org.apache.maven.surefire.testng.TestNGDirectoryTestSuite.executeMulti(TestNGDirectoryTestSuite.java:159)
at org.apache.maven.surefire.testng.TestNGDirectoryTestSuite.execute(TestNGDirectoryTestSuite.java:99)
at org.apache.maven.surefire.testng.TestNGProvider.invoke(TestNGProvider.java:106)
at java.base/jdk.internal.reflect.NativeMethodAccessorImpl.invoke0(Native Method)
at java.base/jdk.internal.reflect.NativeMethodAccessorImpl.invoke(NativeMethodAccessorImpl.java:62)
at java.base/jdk.internal.reflect.DelegatingMethodAccessorImpl.invoke(DelegatingMethodAccessorImpl.java:43)
at java.base/java.lang.reflect.Method.invoke(Method.java:566)
at org.apache.maven.surefire.util.ReflectionUtils.invokeMethodWithArray(ReflectionUtils.java:189)
at org.apache.maven.surefire.booter.ProviderFactory$ProviderProxy.invoke(ProviderFactory.java:165)
at org.apache.maven.surefire.booter.ProviderFactory.invokeProvider(ProviderFactory.java:85)
at org.apache.maven.surefire.booter.ForkedBooter.runSuitesInProcess(ForkedBooter.java:115)
at org.apache.maven.surefire.booter.ForkedBooter.main(ForkedBooter.java:75)
]]>
            </full-stacktrace>
          </exception> <!-- java.lang.AssertionError -->
          <reporter-output>
          </reporter-output>
        </test-method> <!-- ValidateLogin -->
        <test-method is-config="true" signature="tearDown()[pri:0, instance:com.zerodha.qa.testCases.LoginPageTest@5e5d171f]" started-at="2022-04-04T15:32:08 IST" name="tearDown" finished-at="2022-04-04T15:32:09 IST" duration-ms="595" status="PASS">
          <reporter-output>
          </reporter-output>
        </test-method> <!-- tearDown -->
        <test-method is-config="true" signature="setup()[pri:0, instance:com.zerodha.qa.testCases.LoginPageTest@5e5d171f]" started-at="2022-04-04T15:32:09 IST" name="setup" finished-at="2022-04-04T15:32:14 IST" duration-ms="5290" status="PASS">
          <reporter-output>
          </reporter-output>
        </test-method> <!-- setup -->
        <test-method signature="ValidateLogin(java.lang.String,java.lang.String,java.lang.String,java.lang.String)[pri:0, instance:com.zerodha.qa.testCases.LoginPageTest@5e5d171f]" started-at="2022-04-04T15:32:14 IST" name="ValidateLogin" data-provider="getLoginTestCaseData" finished-at="2022-04-04T15:32:24 IST" duration-ms="10301" status="FAIL">
          <params>
            <param index="0">
              <value>
                <![CDATA[GR1236]]>
              </value>
            </param>
            <param index="1">
              <value>
                <![CDATA[abc125]]>
              </value>
            </param>
            <param index="2">
              <value>
                <![CDATA[123458]]>
              </value>
            </param>
            <param index="3">
              <value>
                <![CDATA[fail]]>
              </value>
            </param>
          </params>
          <exception class="java.lang.AssertionError">
            <message>
              <![CDATA[expected [true] but found [false]]]>
            </message>
            <full-stacktrace>
              <![CDATA[java.lang.AssertionError: expected [true] but found [false]
at org.testng.Assert.fail(Assert.java:110)
at org.testng.Assert.failNotEquals(Assert.java:1413)
at org.testng.Assert.assertTrue(Assert.java:56)
at org.testng.Assert.assertTrue(Assert.java:66)
at com.zerodha.qa.testCases.LoginPageTest.ValidateLogin(LoginPageTest.java:68)
at java.base/jdk.internal.reflect.NativeMethodAccessorImpl.invoke0(Native Method)
at java.base/jdk.internal.reflect.NativeMethodAccessorImpl.invoke(NativeMethodAccessorImpl.java:62)
at java.base/jdk.internal.reflect.DelegatingMethodAccessorImpl.invoke(DelegatingMethodAccessorImpl.java:43)
at java.base/java.lang.reflect.Method.invoke(Method.java:566)
at org.testng.internal.invokers.MethodInvocationHelper.invokeMethod(MethodInvocationHelper.java:135)
at org.testng.internal.invokers.TestInvoker.invokeMethod(TestInvoker.java:673)
at org.testng.internal.invokers.TestInvoker.invokeTestMethod(TestInvoker.java:220)
at org.testng.internal.invokers.MethodRunner.runInSequence(MethodRunner.java:50)
at org.testng.internal.invokers.TestInvoker$MethodInvocationAgent.invoke(TestInvoker.java:945)
at org.testng.internal.invokers.TestInvoker.invokeTestMethods(TestInvoker.java:193)
at org.testng.internal.invokers.TestMethodWorker.invokeTestMethods(TestMethodWorker.java:146)
at org.testng.internal.invokers.TestMethodWorker.run(TestMethodWorker.java:128)
at java.base/java.util.ArrayList.forEach(ArrayList.java:1541)
at org.testng.TestRunner.privateRun(TestRunner.java:808)
at org.testng.TestRunner.run(TestRunner.java:603)
at org.testng.SuiteRunner.runTest(SuiteRunner.java:429)
at org.testng.SuiteRunner.runSequentially(SuiteRunner.java:423)
at org.testng.SuiteRunner.privateRun(SuiteRunner.java:383)
at org.testng.SuiteRunner.run(SuiteRunner.java:326)
at org.testng.SuiteRunnerWorker.runSuite(SuiteRunnerWorker.java:52)
at org.testng.SuiteRunnerWorker.run(SuiteRunnerWorker.java:95)
at org.testng.TestNG.runSuitesSequentially(TestNG.java:1249)
at org.testng.TestNG.runSuitesLocally(TestNG.java:1169)
at org.testng.TestNG.runSuites(TestNG.java:1092)
at org.testng.TestNG.run(TestNG.java:1060)
at org.apache.maven.surefire.testng.TestNGExecutor.run(TestNGExecutor.java:77)
at org.apache.maven.surefire.testng.TestNGDirectoryTestSuite.executeMulti(TestNGDirectoryTestSuite.java:159)
at org.apache.maven.surefire.testng.TestNGDirectoryTestSuite.execute(TestNGDirectoryTestSuite.java:99)
at org.apache.maven.surefire.testng.TestNGProvider.invoke(TestNGProvider.java:106)
at java.base/jdk.internal.reflect.NativeMethodAccessorImpl.invoke0(Native Method)
at java.base/jdk.internal.reflect.NativeMethodAccessorImpl.invoke(NativeMethodAccessorImpl.java:62)
at java.base/jdk.internal.reflect.DelegatingMethodAccessorImpl.invoke(DelegatingMethodAccessorImpl.java:43)
at java.base/java.lang.reflect.Method.invoke(Method.java:566)
at org.apache.maven.surefire.util.ReflectionUtils.invokeMethodWithArray(ReflectionUtils.java:189)
at org.apache.maven.surefire.booter.ProviderFactory$ProviderProxy.invoke(ProviderFactory.java:165)
at org.apache.maven.surefire.booter.ProviderFactory.invokeProvider(ProviderFactory.java:85)
at org.apache.maven.surefire.booter.ForkedBooter.runSuitesInProcess(ForkedBooter.java:115)
at org.apache.maven.surefire.booter.ForkedBooter.main(ForkedBooter.java:75)
]]>
            </full-stacktrace>
          </exception> <!-- java.lang.AssertionError -->
          <reporter-output>
          </reporter-output>
        </test-method> <!-- ValidateLogin -->
        <test-method is-config="true" signature="tearDown()[pri:0, instance:com.zerodha.qa.testCases.LoginPageTest@5e5d171f]" started-at="2022-04-04T15:32:24 IST" name="tearDown" finished-at="2022-04-04T15:32:25 IST" duration-ms="604" status="PASS">
          <reporter-output>
          </reporter-output>
        </test-method> <!-- tearDown -->
        <test-method is-config="true" signature="setup()[pri:0, instance:com.zerodha.qa.testCases.LoginPageTest@5e5d171f]" started-at="2022-04-04T15:32:25 IST" name="setup" finished-at="2022-04-04T15:32:31 IST" duration-ms="5933" status="PASS">
          <reporter-output>
          </reporter-output>
        </test-method> <!-- setup -->
        <test-method signature="validateLogo()[pri:0, instance:com.zerodha.qa.testCases.LoginPageTest@5e5d171f]" started-at="2022-04-04T15:32:31 IST" name="validateLogo" finished-at="2022-04-04T15:32:31 IST" duration-ms="59" status="PASS">
          <reporter-output>
          </reporter-output>
        </test-method> <!-- validateLogo -->
        <test-method is-config="true" signature="tearDown()[pri:0, instance:com.zerodha.qa.testCases.LoginPageTest@5e5d171f]" started-at="2022-04-04T15:32:31 IST" name="tearDown" finished-at="2022-04-04T15:32:31 IST" duration-ms="638" status="PASS">
          <reporter-output>
          </reporter-output>
        </test-method> <!-- tearDown -->
        <test-method is-config="true" signature="setup()[pri:0, instance:com.zerodha.qa.testCases.LoginPageTest@5e5d171f]" started-at="2022-04-04T15:32:31 IST" name="setup" finished-at="2022-04-04T15:32:35 IST" duration-ms="3513" status="PASS">
          <reporter-output>
          </reporter-output>
        </test-method> <!-- setup -->
        <test-method signature="validateTitle()[pri:0, instance:com.zerodha.qa.testCases.LoginPageTest@5e5d171f]" started-at="2022-04-04T15:32:35 IST" name="validateTitle" finished-at="2022-04-04T15:32:35 IST" duration-ms="6" status="PASS">
          <reporter-output>
          </reporter-output>
        </test-method> <!-- validateTitle -->
        <test-method is-config="true" signature="tearDown()[pri:0, instance:com.zerodha.qa.testCases.LoginPageTest@5e5d171f]" started-at="2022-04-04T15:32:35 IST" name="tearDown" finished-at="2022-04-04T15:32:36 IST" duration-ms="573" status="PASS">
          <reporter-output>
          </reporter-output>
        </test-method> <!-- tearDown -->
      </class> <!-- com.zerodha.qa.testCases.LoginPageTest -->
    </test> <!-- Command line test -->
  </suite> <!-- Command line suite -->
</testng-results>
